<?xml version="1.0" encoding="UTF-8"?>
<coverage generated="1773026127242" clover="3.2.0">
  <project timestamp="1773026127242" name="All files">
    <metrics statements="457" coveredstatements="231" conditionals="141" coveredconditionals="75" methods="297" coveredmethods="126" elements="895" coveredelements="432" complexity="0" loc="457" ncloc="457" packages="12" files="71" classes="71"/>
    <package name="lib">
      <metrics statements="1" coveredstatements="1" conditionals="0" coveredconditionals="0" methods="1" coveredmethods="1"/>
      <file name="utils.ts" path="/Users/mattweinecke/Documents/GitHub/DockGuard/frontend/src/lib/utils.ts">
        <metrics statements="1" coveredstatements="1" conditionals="0" coveredconditionals="0" methods="1" coveredmethods="1"/>
        <line num="5" count="80" type="stmt"/>
      </file>
    </package>
    <package name="lib.components">
      <metrics statements="9" coveredstatements="9" conditionals="0" coveredconditionals="0" methods="15" coveredmethods="15"/>
      <file name="app-sidebar-test-wrapper.svelte" path="/Users/mattweinecke/Documents/GitHub/DockGuard/frontend/src/lib/components/app-sidebar-test-wrapper.svelte">
        <metrics statements="1" coveredstatements="1" conditionals="0" coveredconditionals="0" methods="2" coveredmethods="2"/>
        <line num="7" count="2" type="stmt"/>
      </file>
      <file name="app-sidebar.svelte" path="/Users/mattweinecke/Documents/GitHub/DockGuard/frontend/src/lib/components/app-sidebar.svelte">
        <metrics statements="5" coveredstatements="5" conditionals="0" coveredconditionals="0" methods="9" coveredmethods="9"/>
        <line num="10" count="2" type="stmt"/>
        <line num="53" count="20" type="stmt"/>
        <line num="56" count="20" type="stmt"/>
        <line num="57" count="10" type="stmt"/>
        <line num="59" count="10" type="stmt"/>
      </file>
      <file name="mode-toggle.svelte" path="/Users/mattweinecke/Documents/GitHub/DockGuard/frontend/src/lib/components/mode-toggle.svelte">
        <metrics statements="3" coveredstatements="3" conditionals="0" coveredconditionals="0" methods="4" coveredmethods="4"/>
        <line num="8" count="2" type="stmt"/>
        <line num="9" count="1" type="stmt"/>
        <line num="12" count="1" type="stmt"/>
      </file>
    </package>
    <package name="lib.components.ui.button">
      <metrics statements="14" coveredstatements="11" conditionals="8" coveredconditionals="1" methods="7" coveredmethods="4"/>
      <file name="button.svelte" path="/Users/mattweinecke/Documents/GitHub/DockGuard/frontend/src/lib/components/ui/button/button.svelte">
        <metrics statements="14" coveredstatements="11" conditionals="8" coveredconditionals="1" methods="7" coveredmethods="4"/>
        <line num="6" count="2" type="stmt"/>
        <line num="47" count="1" type="stmt"/>
        <line num="48" count="1" type="stmt"/>
        <line num="49" count="1" type="stmt"/>
        <line num="50" count="1" type="stmt"/>
        <line num="51" count="1" type="stmt"/>
        <line num="54" count="1" type="stmt"/>
        <line num="58" count="1" type="cond" truecount="1" falsecount="1"/>
        <line num="59" count="0" type="stmt"/>
        <line num="60" count="0" type="stmt"/>
        <line num="62" count="0" type="stmt"/>
        <line num="72" count="1" type="stmt"/>
        <line num="73" count="2" type="stmt"/>
        <line num="75" count="1" type="stmt"/>
      </file>
      <file name="index.ts" path="/Users/mattweinecke/Documents/GitHub/DockGuard/frontend/src/lib/components/ui/button/index.ts">
        <metrics statements="0" coveredstatements="0" conditionals="0" coveredconditionals="0" methods="0" coveredmethods="0"/>
      </file>
    </package>
    <package name="lib.components.ui.input">
      <metrics statements="12" coveredstatements="0" conditionals="2" coveredconditionals="0" methods="10" coveredmethods="0"/>
      <file name="index.ts" path="/Users/mattweinecke/Documents/GitHub/DockGuard/frontend/src/lib/components/ui/input/index.ts">
        <metrics statements="0" coveredstatements="0" conditionals="0" coveredconditionals="0" methods="0" coveredmethods="0"/>
      </file>
      <file name="input.svelte" path="/Users/mattweinecke/Documents/GitHub/DockGuard/frontend/src/lib/components/ui/input/input.svelte">
        <metrics statements="12" coveredstatements="0" conditionals="2" coveredconditionals="0" methods="10" coveredmethods="0"/>
        <line num="13" count="0" type="stmt"/>
        <line num="14" count="0" type="stmt"/>
        <line num="16" count="0" type="stmt"/>
        <line num="18" count="0" type="stmt"/>
        <line num="19" count="0" type="stmt"/>
        <line num="23" count="0" type="cond" truecount="0" falsecount="2"/>
        <line num="24" count="0" type="stmt"/>
        <line num="25" count="0" type="stmt"/>
        <line num="27" count="0" type="stmt"/>
        <line num="39" count="0" type="stmt"/>
        <line num="40" count="0" type="stmt"/>
        <line num="42" count="0" type="stmt"/>
      </file>
    </package>
    <package name="lib.components.ui.separator">
      <metrics statements="7" coveredstatements="0" conditionals="0" coveredconditionals="0" methods="4" coveredmethods="0"/>
      <file name="index.ts" path="/Users/mattweinecke/Documents/GitHub/DockGuard/frontend/src/lib/components/ui/separator/index.ts">
        <metrics statements="0" coveredstatements="0" conditionals="0" coveredconditionals="0" methods="0" coveredmethods="0"/>
      </file>
      <file name="separator.svelte" path="/Users/mattweinecke/Documents/GitHub/DockGuard/frontend/src/lib/components/ui/separator/separator.svelte">
        <metrics statements="7" coveredstatements="0" conditionals="0" coveredconditionals="0" methods="4" coveredmethods="0"/>
        <line num="6" count="0" type="stmt"/>
        <line num="8" count="0" type="stmt"/>
        <line num="9" count="0" type="stmt"/>
        <line num="13" count="0" type="stmt"/>
        <line num="15" count="0" type="stmt"/>
        <line num="16" count="0" type="stmt"/>
        <line num="20" count="0" type="stmt"/>
      </file>
    </package>
    <package name="lib.components.ui.sheet">
      <metrics statements="44" coveredstatements="1" conditionals="0" coveredconditionals="0" methods="39" coveredmethods="0"/>
      <file name="index.ts" path="/Users/mattweinecke/Documents/GitHub/DockGuard/frontend/src/lib/components/ui/sheet/index.ts">
        <metrics statements="0" coveredstatements="0" conditionals="0" coveredconditionals="0" methods="0" coveredmethods="0"/>
      </file>
      <file name="sheet-close.svelte" path="/Users/mattweinecke/Documents/GitHub/DockGuard/frontend/src/lib/components/ui/sheet/sheet-close.svelte">
        <metrics statements="2" coveredstatements="0" conditionals="0" coveredconditionals="0" methods="3" coveredmethods="0"/>
        <line num="4" count="0" type="stmt"/>
        <line num="7" count="0" type="stmt"/>
      </file>
      <file name="sheet-content.svelte" path="/Users/mattweinecke/Documents/GitHub/DockGuard/frontend/src/lib/components/ui/sheet/sheet-content.svelte">
        <metrics statements="11" coveredstatements="1" conditionals="0" coveredconditionals="0" methods="8" coveredmethods="0"/>
        <line num="3" count="1" type="stmt"/>
        <line num="31" count="0" type="stmt"/>
        <line num="33" count="0" type="stmt"/>
        <line num="36" count="0" type="stmt"/>
        <line num="44" count="0" type="stmt"/>
        <line num="45" count="0" type="stmt"/>
        <line num="46" count="0" type="stmt"/>
        <line num="49" count="0" type="stmt"/>
        <line num="50" count="0" type="stmt"/>
        <line num="53" count="0" type="stmt"/>
        <line num="56" count="0" type="stmt"/>
      </file>
      <file name="sheet-description.svelte" path="/Users/mattweinecke/Documents/GitHub/DockGuard/frontend/src/lib/components/ui/sheet/sheet-description.svelte">
        <metrics statements="5" coveredstatements="0" conditionals="0" coveredconditionals="0" methods="4" coveredmethods="0"/>
        <line num="6" count="0" type="stmt"/>
        <line num="8" count="0" type="stmt"/>
        <line num="12" count="0" type="stmt"/>
        <line num="15" count="0" type="stmt"/>
        <line num="16" count="0" type="stmt"/>
      </file>
      <file name="sheet-footer.svelte" path="/Users/mattweinecke/Documents/GitHub/DockGuard/frontend/src/lib/components/ui/sheet/sheet-footer.svelte">
        <metrics statements="5" coveredstatements="0" conditionals="0" coveredconditionals="0" methods="4" coveredmethods="0"/>
        <line num="6" count="0" type="stmt"/>
        <line num="9" count="0" type="stmt"/>
        <line num="13" count="0" type="stmt"/>
        <line num="14" count="0" type="stmt"/>
        <line num="17" count="0" type="stmt"/>
      </file>
      <file name="sheet-header.svelte" path="/Users/mattweinecke/Documents/GitHub/DockGuard/frontend/src/lib/components/ui/sheet/sheet-header.svelte">
        <metrics statements="5" coveredstatements="0" conditionals="0" coveredconditionals="0" methods="4" coveredmethods="0"/>
        <line num="6" count="0" type="stmt"/>
        <line num="9" count="0" type="stmt"/>
        <line num="13" count="0" type="stmt"/>
        <line num="14" count="0" type="stmt"/>
        <line num="17" count="0" type="stmt"/>
      </file>
      <file name="sheet-overlay.svelte" path="/Users/mattweinecke/Documents/GitHub/DockGuard/frontend/src/lib/components/ui/sheet/sheet-overlay.svelte">
        <metrics statements="5" coveredstatements="0" conditionals="0" coveredconditionals="0" methods="4" coveredmethods="0"/>
        <line num="6" count="0" type="stmt"/>
        <line num="8" count="0" type="stmt"/>
        <line num="12" count="0" type="stmt"/>
        <line num="15" count="0" type="stmt"/>
        <line num="19" count="0" type="stmt"/>
      </file>
      <file name="sheet-portal.svelte" path="/Users/mattweinecke/Documents/GitHub/DockGuard/frontend/src/lib/components/ui/sheet/sheet-portal.svelte">
        <metrics statements="2" coveredstatements="0" conditionals="0" coveredconditionals="0" methods="2" coveredmethods="0"/>
        <line num="4" count="0" type="stmt"/>
        <line num="7" count="0" type="stmt"/>
      </file>
      <file name="sheet-title.svelte" path="/Users/mattweinecke/Documents/GitHub/DockGuard/frontend/src/lib/components/ui/sheet/sheet-title.svelte">
        <metrics statements="5" coveredstatements="0" conditionals="0" coveredconditionals="0" methods="4" coveredmethods="0"/>
        <line num="6" count="0" type="stmt"/>
        <line num="8" count="0" type="stmt"/>
        <line num="12" count="0" type="stmt"/>
        <line num="15" count="0" type="stmt"/>
        <line num="16" count="0" type="stmt"/>
      </file>
      <file name="sheet-trigger.svelte" path="/Users/mattweinecke/Documents/GitHub/DockGuard/frontend/src/lib/components/ui/sheet/sheet-trigger.svelte">
        <metrics statements="2" coveredstatements="0" conditionals="0" coveredconditionals="0" methods="3" coveredmethods="0"/>
        <line num="4" count="0" type="stmt"/>
        <line num="7" count="0" type="stmt"/>
      </file>
      <file name="sheet.svelte" path="/Users/mattweinecke/Documents/GitHub/DockGuard/frontend/src/lib/components/ui/sheet/sheet.svelte">
        <metrics statements="2" coveredstatements="0" conditionals="0" coveredconditionals="0" methods="3" coveredmethods="0"/>
        <line num="4" count="0" type="stmt"/>
        <line num="7" count="0" type="stmt"/>
      </file>
    </package>
    <package name="lib.components.ui.sidebar">
      <metrics statements="201" coveredstatements="94" conditionals="47" coveredconditionals="15" methods="133" coveredmethods="59"/>
      <file name="constants.ts" path="/Users/mattweinecke/Documents/GitHub/DockGuard/frontend/src/lib/components/ui/sidebar/constants.ts">
        <metrics statements="6" coveredstatements="6" conditionals="0" coveredconditionals="0" methods="0" coveredmethods="0"/>
        <line num="1" count="1" type="stmt"/>
        <line num="2" count="1" type="stmt"/>
        <line num="3" count="1" type="stmt"/>
        <line num="4" count="1" type="stmt"/>
        <line num="5" count="1" type="stmt"/>
        <line num="6" count="1" type="stmt"/>
      </file>
      <file name="context.svelte.ts" path="/Users/mattweinecke/Documents/GitHub/DockGuard/frontend/src/lib/components/ui/sidebar/context.svelte.ts">
        <metrics statements="18" coveredstatements="10" conditionals="9" coveredconditionals="1" methods="12" coveredmethods="8"/>
        <line num="25" count="2" type="stmt"/>
        <line num="26" count="2" type="stmt"/>
        <line num="29" count="2" type="cond" truecount="1" falsecount="1"/>
        <line num="32" count="2" type="stmt"/>
        <line num="33" count="2" type="stmt"/>
        <line num="34" count="2" type="stmt"/>
        <line num="40" count="2" type="stmt"/>
        <line num="44" count="0" type="stmt"/>
        <line num="45" count="0" type="cond" truecount="0" falsecount="5"/>
        <line num="46" count="0" type="stmt"/>
        <line num="47" count="0" type="stmt"/>
        <line num="51" count="0" type="stmt"/>
        <line num="52" count="0" type="stmt"/>
        <line num="55" count="0" type="stmt"/>
        <line num="56" count="0" type="cond" truecount="0" falsecount="2"/>
        <line num="62" count="1" type="stmt"/>
        <line num="71" count="2" type="stmt"/>
        <line num="80" count="16" type="stmt"/>
      </file>
      <file name="index.ts" path="/Users/mattweinecke/Documents/GitHub/DockGuard/frontend/src/lib/components/ui/sidebar/index.ts">
        <metrics statements="0" coveredstatements="0" conditionals="0" coveredconditionals="0" methods="0" coveredmethods="0"/>
      </file>
      <file name="sidebar-content.svelte" path="/Users/mattweinecke/Documents/GitHub/DockGuard/frontend/src/lib/components/ui/sidebar/sidebar-content.svelte">
        <metrics statements="5" coveredstatements="5" conditionals="0" coveredconditionals="0" methods="4" coveredmethods="4"/>
        <line num="6" count="2" type="stmt"/>
        <line num="9" count="2" type="stmt"/>
        <line num="13" count="2" type="stmt"/>
        <line num="14" count="4" type="stmt"/>
        <line num="17" count="2" type="stmt"/>
      </file>
      <file name="sidebar-footer.svelte" path="/Users/mattweinecke/Documents/GitHub/DockGuard/frontend/src/lib/components/ui/sidebar/sidebar-footer.svelte">
        <metrics statements="5" coveredstatements="0" conditionals="0" coveredconditionals="0" methods="4" coveredmethods="0"/>
        <line num="6" count="0" type="stmt"/>
        <line num="9" count="0" type="stmt"/>
        <line num="13" count="0" type="stmt"/>
        <line num="14" count="0" type="stmt"/>
        <line num="17" count="0" type="stmt"/>
      </file>
      <file name="sidebar-group-action.svelte" path="/Users/mattweinecke/Documents/GitHub/DockGuard/frontend/src/lib/components/ui/sidebar/sidebar-group-action.svelte">
        <metrics statements="5" coveredstatements="0" conditionals="0" coveredconditionals="0" methods="4" coveredmethods="0"/>
        <line num="7" count="0" type="stmt"/>
        <line num="11" count="0" type="stmt"/>
        <line num="16" count="0" type="stmt"/>
        <line num="31" count="0" type="stmt"/>
        <line num="33" count="0" type="stmt"/>
      </file>
      <file name="sidebar-group-content.svelte" path="/Users/mattweinecke/Documents/GitHub/DockGuard/frontend/src/lib/components/ui/sidebar/sidebar-group-content.svelte">
        <metrics statements="5" coveredstatements="5" conditionals="0" coveredconditionals="0" methods="4" coveredmethods="4"/>
        <line num="6" count="2" type="stmt"/>
        <line num="9" count="2" type="stmt"/>
        <line num="13" count="2" type="stmt"/>
        <line num="14" count="4" type="stmt"/>
        <line num="17" count="2" type="stmt"/>
      </file>
      <file name="sidebar-group-label.svelte" path="/Users/mattweinecke/Documents/GitHub/DockGuard/frontend/src/lib/components/ui/sidebar/sidebar-group-label.svelte">
        <metrics statements="5" coveredstatements="4" conditionals="0" coveredconditionals="0" methods="4" coveredmethods="3"/>
        <line num="7" count="2" type="stmt"/>
        <line num="11" count="2" type="stmt"/>
        <line num="16" count="2" type="stmt"/>
        <line num="29" count="0" type="stmt"/>
        <line num="31" count="4" type="stmt"/>
      </file>
      <file name="sidebar-group.svelte" path="/Users/mattweinecke/Documents/GitHub/DockGuard/frontend/src/lib/components/ui/sidebar/sidebar-group.svelte">
        <metrics statements="5" coveredstatements="5" conditionals="0" coveredconditionals="0" methods="4" coveredmethods="4"/>
        <line num="6" count="2" type="stmt"/>
        <line num="9" count="2" type="stmt"/>
        <line num="13" count="2" type="stmt"/>
        <line num="14" count="4" type="stmt"/>
        <line num="17" count="2" type="stmt"/>
      </file>
      <file name="sidebar-header.svelte" path="/Users/mattweinecke/Documents/GitHub/DockGuard/frontend/src/lib/components/ui/sidebar/sidebar-header.svelte">
        <metrics statements="5" coveredstatements="5" conditionals="0" coveredconditionals="0" methods="4" coveredmethods="4"/>
        <line num="6" count="2" type="stmt"/>
        <line num="9" count="2" type="stmt"/>
        <line num="13" count="2" type="stmt"/>
        <line num="14" count="4" type="stmt"/>
        <line num="17" count="2" type="stmt"/>
      </file>
      <file name="sidebar-input.svelte" path="/Users/mattweinecke/Documents/GitHub/DockGuard/frontend/src/lib/components/ui/sidebar/sidebar-input.svelte">
        <metrics statements="6" coveredstatements="0" conditionals="0" coveredconditionals="0" methods="6" coveredmethods="0"/>
        <line num="7" count="0" type="stmt"/>
        <line num="8" count="0" type="stmt"/>
        <line num="10" count="0" type="stmt"/>
        <line num="14" count="0" type="stmt"/>
        <line num="19" count="0" type="stmt"/>
        <line num="20" count="0" type="stmt"/>
      </file>
      <file name="sidebar-inset.svelte" path="/Users/mattweinecke/Documents/GitHub/DockGuard/frontend/src/lib/components/ui/sidebar/sidebar-inset.svelte">
        <metrics statements="5" coveredstatements="0" conditionals="0" coveredconditionals="0" methods="4" coveredmethods="0"/>
        <line num="6" count="0" type="stmt"/>
        <line num="9" count="0" type="stmt"/>
        <line num="13" count="0" type="stmt"/>
        <line num="14" count="0" type="stmt"/>
        <line num="16" count="0" type="stmt"/>
      </file>
      <file name="sidebar-menu-action.svelte" path="/Users/mattweinecke/Documents/GitHub/DockGuard/frontend/src/lib/components/ui/sidebar/sidebar-menu-action.svelte">
        <metrics statements="6" coveredstatements="0" conditionals="2" coveredconditionals="0" methods="4" coveredmethods="0"/>
        <line num="7" count="0" type="stmt"/>
        <line num="9" count="0" type="stmt"/>
        <line num="12" count="0" type="stmt"/>
        <line num="18" count="0" type="stmt"/>
        <line num="38" count="0" type="stmt"/>
        <line num="40" count="0" type="stmt"/>
      </file>
      <file name="sidebar-menu-badge.svelte" path="/Users/mattweinecke/Documents/GitHub/DockGuard/frontend/src/lib/components/ui/sidebar/sidebar-menu-badge.svelte">
        <metrics statements="5" coveredstatements="0" conditionals="0" coveredconditionals="0" methods="4" coveredmethods="0"/>
        <line num="6" count="0" type="stmt"/>
        <line num="9" count="0" type="stmt"/>
        <line num="13" count="0" type="stmt"/>
        <line num="14" count="0" type="stmt"/>
        <line num="17" count="0" type="stmt"/>
      </file>
      <file name="sidebar-menu-button.svelte" path="/Users/mattweinecke/Documents/GitHub/DockGuard/frontend/src/lib/components/ui/sidebar/sidebar-menu-button.svelte">
        <metrics statements="20" coveredstatements="13" conditionals="6" coveredconditionals="0" methods="14" coveredmethods="9"/>
        <line num="4" count="1" type="stmt"/>
        <line num="39" count="12" type="stmt"/>
        <line num="43" count="12" type="stmt"/>
        <line num="44" count="12" type="stmt"/>
        <line num="45" count="12" type="stmt"/>
        <line num="48" count="12" type="stmt"/>
        <line num="58" count="12" type="stmt"/>
        <line num="60" count="12" type="stmt"/>
        <line num="70" count="24" type="stmt"/>
        <line num="71" count="12" type="stmt"/>
        <line num="73" count="20" type="stmt"/>
        <line num="75" count="4" type="stmt"/>
        <line num="82" count="24" type="stmt"/>
        <line num="84" count="0" type="stmt"/>
        <line num="85" count="0" type="stmt"/>
        <line num="86" count="0" type="stmt"/>
        <line num="87" count="0" type="stmt"/>
        <line num="90" count="0" type="stmt"/>
        <line num="93" count="0" type="cond" truecount="0" falsecount="2"/>
        <line num="96" count="0" type="cond" truecount="0" falsecount="4"/>
      </file>
      <file name="sidebar-menu-item.svelte" path="/Users/mattweinecke/Documents/GitHub/DockGuard/frontend/src/lib/components/ui/sidebar/sidebar-menu-item.svelte">
        <metrics statements="5" coveredstatements="5" conditionals="0" coveredconditionals="0" methods="4" coveredmethods="4"/>
        <line num="6" count="12" type="stmt"/>
        <line num="9" count="12" type="stmt"/>
        <line num="13" count="12" type="stmt"/>
        <line num="14" count="24" type="stmt"/>
        <line num="17" count="12" type="stmt"/>
      </file>
      <file name="sidebar-menu-skeleton.svelte" path="/Users/mattweinecke/Documents/GitHub/DockGuard/frontend/src/lib/components/ui/sidebar/sidebar-menu-skeleton.svelte">
        <metrics statements="11" coveredstatements="0" conditionals="2" coveredconditionals="0" methods="6" coveredmethods="0"/>
        <line num="7" count="0" type="stmt"/>
        <line num="9" count="0" type="stmt"/>
        <line num="11" count="0" type="stmt"/>
        <line num="17" count="0" type="stmt"/>
        <line num="20" count="0" type="stmt"/>
        <line num="21" count="0" type="stmt"/>
        <line num="24" count="0" type="stmt"/>
        <line num="27" count="0" type="cond" truecount="0" falsecount="2"/>
        <line num="28" count="0" type="stmt"/>
        <line num="30" count="0" type="stmt"/>
        <line num="33" count="0" type="stmt"/>
      </file>
      <file name="sidebar-menu-sub-button.svelte" path="/Users/mattweinecke/Documents/GitHub/DockGuard/frontend/src/lib/components/ui/sidebar/sidebar-menu-sub-button.svelte">
        <metrics statements="7" coveredstatements="0" conditionals="4" coveredconditionals="0" methods="4" coveredmethods="0"/>
        <line num="7" count="0" type="stmt"/>
        <line num="11" count="0" type="stmt"/>
        <line num="12" count="0" type="stmt"/>
        <line num="13" count="0" type="stmt"/>
        <line num="20" count="0" type="stmt"/>
        <line num="38" count="0" type="stmt"/>
        <line num="40" count="0" type="stmt"/>
      </file>
      <file name="sidebar-menu-sub-item.svelte" path="/Users/mattweinecke/Documents/GitHub/DockGuard/frontend/src/lib/components/ui/sidebar/sidebar-menu-sub-item.svelte">
        <metrics statements="5" coveredstatements="0" conditionals="0" coveredconditionals="0" methods="4" coveredmethods="0"/>
        <line num="6" count="0" type="stmt"/>
        <line num="9" count="0" type="stmt"/>
        <line num="13" count="0" type="stmt"/>
        <line num="14" count="0" type="stmt"/>
        <line num="17" count="0" type="stmt"/>
      </file>
      <file name="sidebar-menu-sub.svelte" path="/Users/mattweinecke/Documents/GitHub/DockGuard/frontend/src/lib/components/ui/sidebar/sidebar-menu-sub.svelte">
        <metrics statements="5" coveredstatements="0" conditionals="0" coveredconditionals="0" methods="4" coveredmethods="0"/>
        <line num="6" count="0" type="stmt"/>
        <line num="9" count="0" type="stmt"/>
        <line num="13" count="0" type="stmt"/>
        <line num="14" count="0" type="stmt"/>
        <line num="17" count="0" type="stmt"/>
      </file>
      <file name="sidebar-menu.svelte" path="/Users/mattweinecke/Documents/GitHub/DockGuard/frontend/src/lib/components/ui/sidebar/sidebar-menu.svelte">
        <metrics statements="5" coveredstatements="5" conditionals="0" coveredconditionals="0" methods="4" coveredmethods="4"/>
        <line num="6" count="4" type="stmt"/>
        <line num="9" count="4" type="stmt"/>
        <line num="13" count="4" type="stmt"/>
        <line num="14" count="8" type="stmt"/>
        <line num="17" count="4" type="stmt"/>
      </file>
      <file name="sidebar-provider.svelte" path="/Users/mattweinecke/Documents/GitHub/DockGuard/frontend/src/lib/components/ui/sidebar/sidebar-provider.svelte">
        <metrics statements="14" coveredstatements="10" conditionals="6" coveredconditionals="4" methods="8" coveredmethods="5"/>
        <line num="14" count="2" type="stmt"/>
        <line num="15" count="2" type="stmt"/>
        <line num="16" count="2" type="stmt"/>
        <line num="20" count="2" type="stmt"/>
        <line num="26" count="2" type="stmt"/>
        <line num="27" count="2" type="stmt"/>
        <line num="29" count="0" type="stmt"/>
        <line num="30" count="0" type="stmt"/>
        <line num="33" count="0" type="stmt"/>
        <line num="38" count="0" type="stmt"/>
        <line num="40" count="2" type="stmt"/>
        <line num="41" count="2" type="stmt"/>
        <line num="44" count="2" type="stmt"/>
        <line num="48" count="4" type="stmt"/>
      </file>
      <file name="sidebar-rail.svelte" path="/Users/mattweinecke/Documents/GitHub/DockGuard/frontend/src/lib/components/ui/sidebar/sidebar-rail.svelte">
        <metrics statements="6" coveredstatements="6" conditionals="0" coveredconditionals="0" methods="4" coveredmethods="4"/>
        <line num="7" count="2" type="stmt"/>
        <line num="10" count="2" type="stmt"/>
        <line num="13" count="2" type="stmt"/>
        <line num="16" count="2" type="stmt"/>
        <line num="17" count="4" type="stmt"/>
        <line num="24" count="2" type="stmt"/>
      </file>
      <file name="sidebar-separator.svelte" path="/Users/mattweinecke/Documents/GitHub/DockGuard/frontend/src/lib/components/ui/sidebar/sidebar-separator.svelte">
        <metrics statements="5" coveredstatements="0" conditionals="0" coveredconditionals="0" methods="5" coveredmethods="0"/>
        <line num="7" count="0" type="stmt"/>
        <line num="9" count="0" type="stmt"/>
        <line num="13" count="0" type="stmt"/>
        <line num="17" count="0" type="stmt"/>
        <line num="18" count="0" type="stmt"/>
      </file>
      <file name="sidebar-trigger.svelte" path="/Users/mattweinecke/Documents/GitHub/DockGuard/frontend/src/lib/components/ui/sidebar/sidebar-trigger.svelte">
        <metrics statements="9" coveredstatements="0" conditionals="0" coveredconditionals="0" methods="6" coveredmethods="0"/>
        <line num="9" count="0" type="stmt"/>
        <line num="12" count="0" type="stmt"/>
        <line num="17" count="0" type="stmt"/>
        <line num="20" count="0" type="stmt"/>
        <line num="25" count="0" type="stmt"/>
        <line num="28" count="0" type="stmt"/>
        <line num="29" count="0" type="stmt"/>
        <line num="31" count="0" type="stmt"/>
        <line num="33" count="0" type="stmt"/>
      </file>
      <file name="sidebar.svelte" path="/Users/mattweinecke/Documents/GitHub/DockGuard/frontend/src/lib/components/ui/sidebar/sidebar.svelte">
        <metrics statements="28" coveredstatements="15" conditionals="18" coveredconditionals="10" methods="12" coveredmethods="6"/>
        <line num="9" count="2" type="stmt"/>
        <line num="10" count="2" type="stmt"/>
        <line num="11" count="2" type="stmt"/>
        <line num="12" count="2" type="stmt"/>
        <line num="15" count="2" type="stmt"/>
        <line num="22" count="2" type="stmt"/>
        <line num="25" count="2" type="cond" truecount="2" falsecount="2"/>
        <line num="26" count="0" type="stmt"/>
        <line num="27" count="0" type="stmt"/>
        <line num="31" count="0" type="stmt"/>
        <line num="36" count="2" type="stmt"/>
        <line num="37" count="0" type="stmt"/>
        <line num="38" count="0" type="stmt"/>
        <line num="39" count="0" type="stmt"/>
        <line num="41" count="0" type="stmt"/>
        <line num="46" count="0" type="cond" truecount="0" falsecount="2"/>
        <line num="47" count="0" type="stmt"/>
        <line num="49" count="0" type="stmt"/>
        <line num="50" count="0" type="stmt"/>
        <line num="51" count="0" type="stmt"/>
        <line num="53" count="0" type="stmt"/>
        <line num="59" count="2" type="cond" truecount="1" falsecount="1"/>
        <line num="60" count="4" type="stmt"/>
        <line num="69" count="2" type="stmt"/>
        <line num="71" count="2" type="stmt"/>
        <line num="80" count="2" type="stmt"/>
        <line num="82" count="2" type="stmt"/>
        <line num="95" count="2" type="stmt"/>
      </file>
    </package>
    <package name="lib.components.ui.skeleton">
      <metrics statements="5" coveredstatements="0" conditionals="0" coveredconditionals="0" methods="4" coveredmethods="0"/>
      <file name="index.ts" path="/Users/mattweinecke/Documents/GitHub/DockGuard/frontend/src/lib/components/ui/skeleton/index.ts">
        <metrics statements="0" coveredstatements="0" conditionals="0" coveredconditionals="0" methods="0" coveredmethods="0"/>
      </file>
      <file name="skeleton.svelte" path="/Users/mattweinecke/Documents/GitHub/DockGuard/frontend/src/lib/components/ui/skeleton/skeleton.svelte">
        <metrics statements="5" coveredstatements="0" conditionals="0" coveredconditionals="0" methods="4" coveredmethods="0"/>
        <line num="6" count="0" type="stmt"/>
        <line num="8" count="0" type="stmt"/>
        <line num="12" count="0" type="stmt"/>
        <line num="13" count="0" type="stmt"/>
        <line num="15" count="0" type="stmt"/>
      </file>
    </package>
    <package name="lib.components.ui.table">
      <metrics statements="41" coveredstatements="5" conditionals="0" coveredconditionals="0" methods="32" coveredmethods="4"/>
      <file name="index.ts" path="/Users/mattweinecke/Documents/GitHub/DockGuard/frontend/src/lib/components/ui/table/index.ts">
        <metrics statements="0" coveredstatements="0" conditionals="0" coveredconditionals="0" methods="0" coveredmethods="0"/>
      </file>
      <file name="table-body.svelte" path="/Users/mattweinecke/Documents/GitHub/DockGuard/frontend/src/lib/components/ui/table/table-body.svelte">
        <metrics statements="5" coveredstatements="0" conditionals="0" coveredconditionals="0" methods="4" coveredmethods="0"/>
        <line num="6" count="0" type="stmt"/>
        <line num="9" count="0" type="stmt"/>
        <line num="13" count="0" type="stmt"/>
        <line num="14" count="0" type="stmt"/>
        <line num="17" count="0" type="stmt"/>
      </file>
      <file name="table-caption.svelte" path="/Users/mattweinecke/Documents/GitHub/DockGuard/frontend/src/lib/components/ui/table/table-caption.svelte">
        <metrics statements="5" coveredstatements="0" conditionals="0" coveredconditionals="0" methods="4" coveredmethods="0"/>
        <line num="6" count="0" type="stmt"/>
        <line num="9" count="0" type="stmt"/>
        <line num="13" count="0" type="stmt"/>
        <line num="14" count="0" type="stmt"/>
        <line num="16" count="0" type="stmt"/>
      </file>
      <file name="table-cell.svelte" path="/Users/mattweinecke/Documents/GitHub/DockGuard/frontend/src/lib/components/ui/table/table-cell.svelte">
        <metrics statements="5" coveredstatements="5" conditionals="0" coveredconditionals="0" methods="4" coveredmethods="4"/>
        <line num="6" count="18" type="stmt"/>
        <line num="9" count="18" type="stmt"/>
        <line num="13" count="18" type="stmt"/>
        <line num="14" count="36" type="stmt"/>
        <line num="16" count="18" type="stmt"/>
      </file>
      <file name="table-footer.svelte" path="/Users/mattweinecke/Documents/GitHub/DockGuard/frontend/src/lib/components/ui/table/table-footer.svelte">
        <metrics statements="5" coveredstatements="0" conditionals="0" coveredconditionals="0" methods="4" coveredmethods="0"/>
        <line num="6" count="0" type="stmt"/>
        <line num="9" count="0" type="stmt"/>
        <line num="13" count="0" type="stmt"/>
        <line num="14" count="0" type="stmt"/>
        <line num="16" count="0" type="stmt"/>
      </file>
      <file name="table-head.svelte" path="/Users/mattweinecke/Documents/GitHub/DockGuard/frontend/src/lib/components/ui/table/table-head.svelte">
        <metrics statements="5" coveredstatements="0" conditionals="0" coveredconditionals="0" methods="4" coveredmethods="0"/>
        <line num="6" count="0" type="stmt"/>
        <line num="9" count="0" type="stmt"/>
        <line num="13" count="0" type="stmt"/>
        <line num="14" count="0" type="stmt"/>
        <line num="16" count="0" type="stmt"/>
      </file>
      <file name="table-header.svelte" path="/Users/mattweinecke/Documents/GitHub/DockGuard/frontend/src/lib/components/ui/table/table-header.svelte">
        <metrics statements="5" coveredstatements="0" conditionals="0" coveredconditionals="0" methods="4" coveredmethods="0"/>
        <line num="6" count="0" type="stmt"/>
        <line num="9" count="0" type="stmt"/>
        <line num="13" count="0" type="stmt"/>
        <line num="14" count="0" type="stmt"/>
        <line num="17" count="0" type="stmt"/>
      </file>
      <file name="table-row.svelte" path="/Users/mattweinecke/Documents/GitHub/DockGuard/frontend/src/lib/components/ui/table/table-row.svelte">
        <metrics statements="5" coveredstatements="0" conditionals="0" coveredconditionals="0" methods="4" coveredmethods="0"/>
        <line num="6" count="0" type="stmt"/>
        <line num="9" count="0" type="stmt"/>
        <line num="13" count="0" type="stmt"/>
        <line num="14" count="0" type="stmt"/>
        <line num="16" count="0" type="stmt"/>
      </file>
      <file name="table.svelte" path="/Users/mattweinecke/Documents/GitHub/DockGuard/frontend/src/lib/components/ui/table/table.svelte">
        <metrics statements="6" coveredstatements="0" conditionals="0" coveredconditionals="0" methods="4" coveredmethods="0"/>
        <line num="6" count="0" type="stmt"/>
        <line num="9" count="0" type="stmt"/>
        <line num="13" count="0" type="stmt"/>
        <line num="14" count="0" type="stmt"/>
        <line num="15" count="0" type="stmt"/>
        <line num="18" count="0" type="stmt"/>
      </file>
    </package>
    <package name="lib.components.ui.tooltip">
      <metrics statements="22" coveredstatements="22" conditionals="0" coveredconditionals="0" methods="20" coveredmethods="20"/>
      <file name="index.ts" path="/Users/mattweinecke/Documents/GitHub/DockGuard/frontend/src/lib/components/ui/tooltip/index.ts">
        <metrics statements="0" coveredstatements="0" conditionals="0" coveredconditionals="0" methods="0" coveredmethods="0"/>
      </file>
      <file name="tooltip-content.svelte" path="/Users/mattweinecke/Documents/GitHub/DockGuard/frontend/src/lib/components/ui/tooltip/tooltip-content.svelte">
        <metrics statements="14" coveredstatements="14" conditionals="0" coveredconditionals="0" methods="10" coveredmethods="10"/>
        <line num="9" count="11" type="stmt"/>
        <line num="11" count="11" type="stmt"/>
        <line num="12" count="11" type="stmt"/>
        <line num="16" count="11" type="stmt"/>
        <line num="23" count="66" type="stmt"/>
        <line num="24" count="11" type="stmt"/>
        <line num="27" count="23" type="stmt"/>
        <line num="28" count="23" type="stmt"/>
        <line num="29" count="11" type="stmt"/>
        <line num="33" count="359" type="stmt"/>
        <line num="36" count="1" type="stmt"/>
        <line num="37" count="2" type="stmt"/>
        <line num="38" count="1" type="stmt"/>
        <line num="39" count="1" type="stmt"/>
      </file>
      <file name="tooltip-portal.svelte" path="/Users/mattweinecke/Documents/GitHub/DockGuard/frontend/src/lib/components/ui/tooltip/tooltip-portal.svelte">
        <metrics statements="2" coveredstatements="2" conditionals="0" coveredconditionals="0" methods="2" coveredmethods="2"/>
        <line num="4" count="11" type="stmt"/>
        <line num="7" count="66" type="stmt"/>
      </file>
      <file name="tooltip-provider.svelte" path="/Users/mattweinecke/Documents/GitHub/DockGuard/frontend/src/lib/components/ui/tooltip/tooltip-provider.svelte">
        <metrics statements="2" coveredstatements="2" conditionals="0" coveredconditionals="0" methods="2" coveredmethods="2"/>
        <line num="4" count="13" type="stmt"/>
        <line num="7" count="127" type="stmt"/>
      </file>
      <file name="tooltip-trigger.svelte" path="/Users/mattweinecke/Documents/GitHub/DockGuard/frontend/src/lib/components/ui/tooltip/tooltip-trigger.svelte">
        <metrics statements="2" coveredstatements="2" conditionals="0" coveredconditionals="0" methods="3" coveredmethods="3"/>
        <line num="4" count="11" type="stmt"/>
        <line num="7" count="322" type="stmt"/>
      </file>
      <file name="tooltip.svelte" path="/Users/mattweinecke/Documents/GitHub/DockGuard/frontend/src/lib/components/ui/tooltip/tooltip.svelte">
        <metrics statements="2" coveredstatements="2" conditionals="0" coveredconditionals="0" methods="3" coveredmethods="3"/>
        <line num="4" count="11" type="stmt"/>
        <line num="7" count="113" type="stmt"/>
      </file>
    </package>
    <package name="lib.components.vuln">
      <metrics statements="99" coveredstatements="86" conditionals="83" coveredconditionals="58" methods="31" coveredmethods="22"/>
      <file name="CvssCell.svelte" path="/Users/mattweinecke/Documents/GitHub/DockGuard/frontend/src/lib/components/vuln/CvssCell.svelte">
        <metrics statements="8" coveredstatements="8" conditionals="2" coveredconditionals="2" methods="4" coveredmethods="3"/>
        <line num="8" count="3" type="stmt"/>
        <line num="12" count="3" type="stmt"/>
        <line num="13" count="3" type="cond" truecount="2" falsecount="0"/>
        <line num="14" count="2" type="stmt"/>
        <line num="15" count="2" type="stmt"/>
        <line num="16" count="2" type="stmt"/>
        <line num="17" count="2" type="stmt"/>
        <line num="19" count="2" type="stmt"/>
      </file>
      <file name="EpssCell.svelte" path="/Users/mattweinecke/Documents/GitHub/DockGuard/frontend/src/lib/components/vuln/EpssCell.svelte">
        <metrics statements="17" coveredstatements="10" conditionals="20" coveredconditionals="8" methods="9" coveredmethods="4"/>
        <line num="9" count="4" type="stmt"/>
        <line num="17" count="4" type="stmt"/>
        <line num="18" count="4" type="cond" truecount="2" falsecount="0"/>
        <line num="19" count="3" type="stmt"/>
        <line num="20" count="3" type="stmt"/>
        <line num="21" count="3" type="stmt"/>
        <line num="22" count="3" type="cond" truecount="4" falsecount="0"/>
        <line num="23" count="1" type="cond" truecount="1" falsecount="1"/>
        <line num="25" count="2" type="cond" truecount="1" falsecount="1"/>
        <line num="28" count="3" type="stmt"/>
        <line num="29" count="0" type="stmt"/>
        <line num="30" count="0" type="cond" truecount="0" falsecount="2"/>
        <line num="31" count="0" type="stmt"/>
        <line num="32" count="0" type="cond" truecount="0" falsecount="2"/>
        <line num="39" count="0" type="cond" truecount="0" falsecount="2"/>
        <line num="40" count="0" type="cond" truecount="0" falsecount="2"/>
        <line num="43" count="0" type="stmt"/>
      </file>
      <file name="KevCell.svelte" path="/Users/mattweinecke/Documents/GitHub/DockGuard/frontend/src/lib/components/vuln/KevCell.svelte">
        <metrics statements="8" coveredstatements="8" conditionals="2" coveredconditionals="1" methods="2" coveredmethods="2"/>
        <line num="6" count="2" type="stmt"/>
        <line num="10" count="2" type="cond" truecount="1" falsecount="1"/>
        <line num="12" count="1" type="stmt"/>
        <line num="13" count="1" type="stmt"/>
        <line num="14" count="1" type="stmt"/>
        <line num="15" count="1" type="stmt"/>
        <line num="19" count="1" type="stmt"/>
        <line num="26" count="1" type="stmt"/>
      </file>
      <file name="SeverityCell.svelte" path="/Users/mattweinecke/Documents/GitHub/DockGuard/frontend/src/lib/components/vuln/SeverityCell.svelte">
        <metrics statements="3" coveredstatements="3" conditionals="5" coveredconditionals="3" methods="1" coveredmethods="1"/>
        <line num="7" count="2" type="stmt"/>
        <line num="11" count="2" type="cond" truecount="1" falsecount="1"/>
        <line num="12" count="2" type="stmt"/>
      </file>
      <file name="VexStatusCell.svelte" path="/Users/mattweinecke/Documents/GitHub/DockGuard/frontend/src/lib/components/vuln/VexStatusCell.svelte">
        <metrics statements="41" coveredstatements="35" conditionals="22" coveredconditionals="12" methods="10" coveredmethods="7"/>
        <line num="12" count="7" type="stmt"/>
        <line num="20" count="7" type="stmt"/>
        <line num="21" count="1" type="stmt"/>
        <line num="22" count="1" type="cond" truecount="1" falsecount="1"/>
        <line num="23" count="1" type="cond" truecount="0" falsecount="2"/>
        <line num="25" count="0" type="cond" truecount="0" falsecount="2"/>
        <line num="27" count="0" type="cond" truecount="0" falsecount="2"/>
        <line num="28" count="0" type="stmt"/>
        <line num="29" count="1" type="cond" truecount="1" falsecount="1"/>
        <line num="30" count="1" type="cond" truecount="1" falsecount="1"/>
        <line num="31" count="1" type="stmt"/>
        <line num="35" count="7" type="cond" truecount="1" falsecount="1"/>
        <line num="36" count="7" type="cond" truecount="4" falsecount="0"/>
        <line num="37" count="2" type="stmt"/>
        <line num="38" count="2" type="stmt"/>
        <line num="39" count="2" type="stmt"/>
        <line num="40" count="2" type="stmt"/>
        <line num="44" count="2" type="stmt"/>
        <line num="45" count="1" type="stmt"/>
        <line num="49" count="4" type="cond" truecount="2" falsecount="0"/>
        <line num="50" count="1" type="stmt"/>
        <line num="51" count="1" type="stmt"/>
        <line num="52" count="1" type="stmt"/>
        <line num="53" count="1" type="stmt"/>
        <line num="57" count="1" type="stmt"/>
        <line num="58" count="0" type="stmt"/>
        <line num="62" count="3" type="cond" truecount="2" falsecount="0"/>
        <line num="63" count="1" type="stmt"/>
        <line num="64" count="1" type="stmt"/>
        <line num="65" count="1" type="stmt"/>
        <line num="66" count="1" type="stmt"/>
        <line num="70" count="1" type="stmt"/>
        <line num="71" count="0" type="stmt"/>
        <line num="75" count="2" type="stmt"/>
        <line num="76" count="1" type="stmt"/>
        <line num="77" count="1" type="stmt"/>
        <line num="78" count="1" type="stmt"/>
        <line num="79" count="1" type="stmt"/>
        <line num="83" count="1" type="stmt"/>
        <line num="84" count="0" type="stmt"/>
        <line num="89" count="2" type="stmt"/>
      </file>
      <file name="utils.ts" path="/Users/mattweinecke/Documents/GitHub/DockGuard/frontend/src/lib/components/vuln/utils.ts">
        <metrics statements="22" coveredstatements="22" conditionals="32" coveredconditionals="32" methods="5" coveredmethods="5"/>
        <line num="1" count="4" type="stmt"/>
        <line num="11" count="3" type="stmt"/>
        <line num="17" count="8" type="cond" truecount="2" falsecount="0"/>
        <line num="18" count="6" type="cond" truecount="2" falsecount="0"/>
        <line num="19" count="4" type="cond" truecount="2" falsecount="0"/>
        <line num="20" count="2" type="stmt"/>
        <line num="24" count="8" type="cond" truecount="2" falsecount="0"/>
        <line num="25" count="6" type="cond" truecount="2" falsecount="0"/>
        <line num="26" count="4" type="cond" truecount="2" falsecount="0"/>
        <line num="27" count="2" type="stmt"/>
        <line num="31" count="8" type="cond" truecount="2" falsecount="0"/>
        <line num="32" count="6" type="cond" truecount="2" falsecount="0"/>
        <line num="33" count="4" type="cond" truecount="2" falsecount="0"/>
        <line num="34" count="4" type="stmt"/>
        <line num="35" count="2" type="cond" truecount="2" falsecount="0"/>
        <line num="36" count="1" type="stmt"/>
        <line num="40" count="9" type="cond" truecount="2" falsecount="0"/>
        <line num="41" count="7" type="cond" truecount="2" falsecount="0"/>
        <line num="42" count="5" type="cond" truecount="2" falsecount="0"/>
        <line num="43" count="5" type="stmt"/>
        <line num="44" count="3" type="cond" truecount="2" falsecount="0"/>
        <line num="45" count="2" type="stmt"/>
      </file>
    </package>
    <package name="lib.hooks">
      <metrics statements="2" coveredstatements="2" conditionals="1" coveredconditionals="1" methods="1" coveredmethods="1"/>
      <file name="is-mobile.svelte.ts" path="/Users/mattweinecke/Documents/GitHub/DockGuard/frontend/src/lib/hooks/is-mobile.svelte.ts">
        <metrics statements="2" coveredstatements="2" conditionals="1" coveredconditionals="1" methods="1" coveredmethods="1"/>
        <line num="3" count="1" type="stmt"/>
        <line num="7" count="2" type="stmt"/>
      </file>
    </package>
  </project>
</coverage>
