{"/Users/mattweinecke/Documents/GitHub/DockGuard/frontend/src/lib/utils.ts": {"path":"/Users/mattweinecke/Documents/GitHub/DockGuard/frontend/src/lib/utils.ts","statementMap":{"0":{"start":{"line":5,"column":1},"end":{"line":5,"column":null}}},"fnMap":{"0":{"name":"cn","decl":{"start":{"line":4,"column":16},"end":{"line":4,"column":22}},"loc":{"start":{"line":4,"column":44},"end":{"line":6,"column":null}},"line":4}},"branchMap":{},"s":{"0":80},"f":{"0":80},"b":{},"meta":{"lastBranch":0,"lastFunction":1,"lastStatement":1,"seen":{"f:4:16:4:22":0,"s:5:1:5:Infinity":0}}}
,"/Users/mattweinecke/Documents/GitHub/DockGuard/frontend/src/lib/components/app-sidebar-test-wrapper.svelte": {"path":"/Users/mattweinecke/Documents/GitHub/DockGuard/frontend/src/lib/components/app-sidebar-test-wrapper.svelte","statementMap":{"0":{"start":{"line":7,"column":5},"end":{"line":7,"column":null}}},"fnMap":{"0":{"name":"App_sidebar_test_wrapper","decl":{"start":{"line":1,"column":0},"end":{"line":1,"column":null}},"loc":{"start":{"line":1,"column":0},"end":{"line":4,"column":null}},"line":1},"1":{"name":"(anonymous_1)","decl":{"start":{"line":7,"column":5},"end":{"line":7,"column":15}},"loc":{"start":{"line":7,"column":5},"end":{"line":7,"column":null}},"line":7}},"branchMap":{},"s":{"0":2},"f":{"0":2,"1":2},"b":{},"meta":{"lastBranch":0,"lastFunction":2,"lastStatement":1,"seen":{"f:1:0:1:Infinity":0,"s:7:5:7:Infinity":0,"f:7:5:7:15":1}}}
,"/Users/mattweinecke/Documents/GitHub/DockGuard/frontend/src/lib/components/app-sidebar.svelte": {"path":"/Users/mattweinecke/Documents/GitHub/DockGuard/frontend/src/lib/components/app-sidebar.svelte","statementMap":{"0":{"start":{"line":10,"column":12},"end":{"line":19,"column":null}},"1":{"start":{"line":53,"column":12},"end":{"line":56,"column":26}},"2":{"start":{"line":53,"column":12},"end":{"line":53,"column":17}},"3":{"start":{"line":53,"column":27},"end":{"line":53,"column":37}},"4":{"start":{"line":56,"column":23},"end":{"line":57,"column":18}},"5":{"start":{"line":56,"column":31},"end":{"line":56,"column":31}},"6":{"start":{"line":57,"column":11},"end":{"line":57,"column":18}},"7":{"start":{"line":57,"column":10},"end":{"line":57,"column":null}},"8":{"start":{"line":57,"column":11},"end":{"line":57,"column":null}},"9":{"start":{"line":57,"column":10},"end":{"line":57,"column":18}},"10":{"start":{"line":59,"column":15},"end":{"line":59,"column":17}},"11":{"start":{"line":59,"column":11},"end":{"line":59,"column":17}},"12":{"start":{"line":59,"column":17},"end":{"line":59,"column":null}},"13":{"start":{"line":56,"column":18},"end":{"line":56,"column":26}}},"fnMap":{"0":{"name":"App_sidebar","decl":{"start":{"line":1,"column":0},"end":{"line":1,"column":null}},"loc":{"start":{"line":1,"column":0},"end":{"line":21,"column":null}},"line":1},"1":{"name":"(anonymous_1)","decl":{"start":{"line":53,"column":12},"end":{"line":53,"column":17}},"loc":{"start":{"line":53,"column":12},"end":{"line":56,"column":26}},"line":53},"2":{"name":"(anonymous_2)","decl":{"start":{"line":53,"column":17},"end":{"line":53,"column":21}},"loc":{"start":{"line":53,"column":27},"end":{"line":53,"column":37}},"line":53},"3":{"name":"(anonymous_3)","decl":{"start":{"line":53,"column":37},"end":{"line":53,"column":null}},"loc":{"start":{"line":53,"column":25},"end":{"line":56,"column":26}},"line":53},"4":{"name":"(anonymous_4)","decl":{"start":{"line":56,"column":23},"end":{"line":56,"column":26}},"loc":{"start":{"line":56,"column":23},"end":{"line":57,"column":18}},"line":56},"5":{"name":"(anonymous_5)","decl":{"start":{"line":56,"column":31},"end":{"line":56,"column":null}},"loc":{"start":{"line":56,"column":31},"end":{"line":56,"column":31}},"line":56},"6":{"name":"(anonymous_6)","decl":{"start":{"line":57,"column":11},"end":{"line":57,"column":18}},"loc":{"start":{"line":57,"column":11},"end":{"line":57,"column":null}},"line":57},"7":{"name":"(anonymous_7)","decl":{"start":{"line":59,"column":17},"end":{"line":59,"column":21}},"loc":{"start":{"line":59,"column":17},"end":{"line":59,"column":null}},"line":59},"8":{"name":"(anonymous_8)","decl":{"start":{"line":56,"column":18},"end":{"line":56,"column":23}},"loc":{"start":{"line":56,"column":18},"end":{"line":56,"column":26}},"line":56}},"branchMap":{},"s":{"0":2,"1":2,"2":2,"3":20,"4":10,"5":20,"6":10,"7":10,"8":10,"9":10,"10":10,"11":10,"12":10,"13":10},"f":{"0":2,"1":4,"2":20,"3":10,"4":10,"5":20,"6":10,"7":10,"8":10},"b":{},"meta":{"lastBranch":0,"lastFunction":9,"lastStatement":14,"seen":{"f:1:0:1:Infinity":0,"s:10:12:19:Infinity":0,"f:53:12:53:17":1,"s:53:12:56:26":1,"s:53:12:53:17":2,"f:53:17:53:21":2,"s:53:27:53:37":3,"f:53:37:53:Infinity":3,"s:56:23:57:18":4,"f:56:23:56:26":4,"s:56:31:56:31":5,"f:56:31:56:Infinity":5,"s:57:11:57:18":6,"s:57:10:57:Infinity":7,"f:57:11:57:18":6,"s:57:11:57:Infinity":8,"s:57:10:57:18":9,"s:59:15:59:17":10,"s:59:11:59:17":11,"s:59:17:59:Infinity":12,"f:59:17:59:21":7,"s:56:18:56:26":13,"f:56:18:56:23":8}}}
,"/Users/mattweinecke/Documents/GitHub/DockGuard/frontend/src/lib/components/mode-toggle.svelte": {"path":"/Users/mattweinecke/Documents/GitHub/DockGuard/frontend/src/lib/components/mode-toggle.svelte","statementMap":{"0":{"start":{"line":8,"column":1},"end":{"line":12,"column":null}},"1":{"start":{"line":8,"column":17},"end":{"line":8,"column":null}},"2":{"start":{"line":9,"column":2},"end":{"line":9,"column":null}},"3":{"start":{"line":12,"column":2},"end":{"line":12,"column":null}}},"fnMap":{"0":{"name":"Mode_toggle","decl":{"start":{"line":1,"column":0},"end":{"line":1,"column":null}},"loc":{"start":{"line":1,"column":0},"end":{"line":6,"column":null}},"line":1},"1":{"name":"(anonymous_1)","decl":{"start":{"line":8,"column":1},"end":{"line":8,"column":7}},"loc":{"start":{"line":8,"column":1},"end":{"line":12,"column":null}},"line":8},"2":{"name":"(anonymous_2)","decl":{"start":{"line":9,"column":2},"end":{"line":9,"column":null}},"loc":{"start":{"line":9,"column":2},"end":{"line":9,"column":null}},"line":9},"3":{"name":"(anonymous_3)","decl":{"start":{"line":12,"column":2},"end":{"line":12,"column":null}},"loc":{"start":{"line":12,"column":2},"end":{"line":12,"column":null}},"line":12}},"branchMap":{},"s":{"0":1,"1":2,"2":1,"3":1},"f":{"0":1,"1":1,"2":1,"3":1},"b":{},"meta":{"lastBranch":0,"lastFunction":4,"lastStatement":4,"seen":{"f:1:0:1:Infinity":0,"f:8:1:8:7":1,"s:8:1:12:Infinity":0,"s:8:17:8:Infinity":1,"f:9:2:9:Infinity":2,"s:9:2:9:Infinity":2,"f:12:2:12:Infinity":3,"s:12:2:12:Infinity":3}}}
,"/Users/mattweinecke/Documents/GitHub/DockGuard/frontend/src/lib/components/ui/button/button.svelte": {"path":"/Users/mattweinecke/Documents/GitHub/DockGuard/frontend/src/lib/components/ui/button/button.svelte","statementMap":{"0":{"start":{"line":6,"column":28},"end":{"line":30,"column":null}},"1":{"start":{"line":47,"column":9},"end":{"line":47,"column":null}},"2":{"start":{"line":48,"column":6},"end":{"line":48,"column":null}},"3":{"start":{"line":49,"column":5},"end":{"line":49,"column":null}},"4":{"start":{"line":50,"column":6},"end":{"line":50,"column":null}},"5":{"start":{"line":51,"column":6},"end":{"line":51,"column":null}},"6":{"start":{"line":54,"column":5},"end":{"line":54,"column":null}},"7":{"start":{"line":59,"column":2},"end":{"line":59,"column":null}},"8":{"start":{"line":62,"column":9},"end":{"line":62,"column":null}},"9":{"start":{"line":59,"column":2},"end":{"line":60,"column":null}},"10":{"start":{"line":60,"column":13},"end":{"line":60,"column":null}},"11":{"start":{"line":72,"column":2},"end":{"line":72,"column":null}},"12":{"start":{"line":75,"column":9},"end":{"line":75,"column":null}},"13":{"start":{"line":72,"column":2},"end":{"line":73,"column":null}},"14":{"start":{"line":73,"column":13},"end":{"line":73,"column":null}},"15":{"start":{"line":58,"column":5},"end":{"line":58,"column":null}},"16":{"start":{"line":58,"column":9},"end":{"line":58,"column":null}}},"fnMap":{"0":{"name":"Button","decl":{"start":{"line":44,"column":0},"end":{"line":44,"column":null}},"loc":{"start":{"line":44,"column":0},"end":{"line":56,"column":null}},"line":44},"1":{"name":"(anonymous_1)","decl":{"start":{"line":62,"column":9},"end":{"line":62,"column":11}},"loc":{"start":{"line":62,"column":9},"end":{"line":62,"column":null}},"line":62},"2":{"name":"(anonymous_2)","decl":{"start":{"line":59,"column":2},"end":{"line":59,"column":null}},"loc":{"start":{"line":60,"column":13},"end":{"line":60,"column":null}},"line":60},"3":{"name":"(anonymous_3)","decl":{"start":{"line":60,"column":16},"end":{"line":60,"column":null}},"loc":{"start":{"line":60,"column":13},"end":{"line":60,"column":null}},"line":60},"4":{"name":"(anonymous_4)","decl":{"start":{"line":75,"column":9},"end":{"line":75,"column":11}},"loc":{"start":{"line":75,"column":9},"end":{"line":75,"column":null}},"line":75},"5":{"name":"(anonymous_5)","decl":{"start":{"line":72,"column":2},"end":{"line":72,"column":null}},"loc":{"start":{"line":73,"column":13},"end":{"line":73,"column":null}},"line":73},"6":{"name":"(anonymous_6)","decl":{"start":{"line":73,"column":16},"end":{"line":73,"column":null}},"loc":{"start":{"line":73,"column":13},"end":{"line":73,"column":null}},"line":73}},"branchMap":{"0":{"loc":{"start":{"line":63,"column":19},"end":{"line":63,"column":null}},"type":"cond-expr","locations":[{"start":{"line":63,"column":19},"end":{"line":63,"column":28}},{"start":{"line":63,"column":31},"end":{"line":63,"column":null}}],"line":63},"1":{"loc":{"start":{"line":65,"column":19},"end":{"line":65,"column":37}},"type":"cond-expr","locations":[{"start":{"line":65,"column":19},"end":{"line":65,"column":25}},{"start":{"line":65,"column":28},"end":{"line":65,"column":37}}],"line":65},"2":{"loc":{"start":{"line":66,"column":24},"end":{"line":66,"column":37}},"type":"cond-expr","locations":[{"start":{"line":66,"column":24},"end":{"line":66,"column":25}},{"start":{"line":66,"column":28},"end":{"line":66,"column":37}}],"line":66},"3":{"loc":{"start":{"line":58,"column":5},"end":{"line":58,"column":null}},"type":"if","locations":[{"start":{"line":58,"column":5},"end":{"line":58,"column":null}},{"start":{"line":58,"column":9},"end":{"line":58,"column":null}}],"line":58}},"s":{"0":2,"1":1,"2":1,"3":1,"4":1,"5":1,"6":1,"7":0,"8":0,"9":0,"10":0,"11":1,"12":1,"13":1,"14":2,"15":1,"16":1},"f":{"0":1,"1":0,"2":0,"3":0,"4":1,"5":2,"6":2},"b":{"0":[0,0],"1":[0,0],"2":[0,0],"3":[0,1]},"meta":{"lastBranch":4,"lastFunction":7,"lastStatement":17,"seen":{"s:6:28:30:Infinity":0,"f:44:0:44:Infinity":0,"s:47:9:47:Infinity":1,"s:48:6:48:Infinity":2,"s:49:5:49:Infinity":3,"s:50:6:50:Infinity":4,"s:51:6:51:Infinity":5,"s:54:5:54:Infinity":6,"s:59:2:59:Infinity":7,"b:63:19:63:28:63:31:63:Infinity":0,"b:65:19:65:25:65:28:65:37":1,"b:66:24:66:25:66:28:66:37":2,"f:62:9:62:11":1,"s:62:9:62:Infinity":8,"s:59:2:60:Infinity":9,"f:59:2:59:Infinity":2,"s:60:13:60:Infinity":10,"f:60:16:60:Infinity":3,"s:72:2:72:Infinity":11,"f:75:9:75:11":4,"s:75:9:75:Infinity":12,"s:72:2:73:Infinity":13,"f:72:2:72:Infinity":5,"s:73:13:73:Infinity":14,"f:73:16:73:Infinity":6,"b:58:5:58:Infinity:58:9:58:Infinity":3,"s:58:5:58:Infinity":15,"s:58:9:58:Infinity":16}}}
,"/Users/mattweinecke/Documents/GitHub/DockGuard/frontend/src/lib/components/ui/button/index.ts": {"path":"/Users/mattweinecke/Documents/GitHub/DockGuard/frontend/src/lib/components/ui/button/index.ts","statementMap":{},"fnMap":{},"branchMap":{},"s":{},"f":{},"b":{},"meta":{"lastBranch":0,"lastFunction":0,"lastStatement":0,"seen":{}}}
,"/Users/mattweinecke/Documents/GitHub/DockGuard/frontend/src/lib/components/ui/input/index.ts": {"path":"/Users/mattweinecke/Documents/GitHub/DockGuard/frontend/src/lib/components/ui/input/index.ts","statementMap":{},"fnMap":{},"branchMap":{},"s":{},"f":{},"b":{},"meta":{"lastBranch":0,"lastFunction":0,"lastStatement":0,"seen":{}}}
,"/Users/mattweinecke/Documents/GitHub/DockGuard/frontend/src/lib/components/ui/input/input.svelte": {"path":"/Users/mattweinecke/Documents/GitHub/DockGuard/frontend/src/lib/components/ui/input/input.svelte","statementMap":{"0":{"start":{"line":13,"column":5},"end":{"line":13,"column":null}},"1":{"start":{"line":14,"column":7},"end":{"line":14,"column":null}},"2":{"start":{"line":16,"column":7},"end":{"line":16,"column":null}},"3":{"start":{"line":18,"column":23},"end":{"line":18,"column":null}},"4":{"start":{"line":19,"column":5},"end":{"line":19,"column":null}},"5":{"start":{"line":24,"column":2},"end":{"line":24,"column":null}},"6":{"start":{"line":27,"column":9},"end":{"line":30,"column":null}},"7":{"start":{"line":24,"column":2},"end":{"line":25,"column":null}},"8":{"start":{"line":25,"column":13},"end":{"line":25,"column":null}},"9":{"start":{"line":39,"column":2},"end":{"line":39,"column":null}},"10":{"start":{"line":42,"column":9},"end":{"line":45,"column":null}},"11":{"start":{"line":39,"column":2},"end":{"line":40,"column":null}},"12":{"start":{"line":40,"column":13},"end":{"line":40,"column":null}},"13":{"start":{"line":23,"column":14},"end":{"line":23,"column":null}},"14":{"start":{"line":23,"column":20},"end":{"line":23,"column":null}}},"fnMap":{"0":{"name":"Input","decl":{"start":{"line":1,"column":0},"end":{"line":1,"column":null}},"loc":{"start":{"line":1,"column":0},"end":{"line":21,"column":null}},"line":1},"1":{"name":"(anonymous_1)","decl":{"start":{"line":27,"column":9},"end":{"line":27,"column":11}},"loc":{"start":{"line":27,"column":9},"end":{"line":30,"column":null}},"line":27},"2":{"name":"(anonymous_2)","decl":{"start":{"line":24,"column":2},"end":{"line":24,"column":null}},"loc":{"start":{"line":25,"column":13},"end":{"line":25,"column":null}},"line":25},"3":{"name":"(anonymous_3)","decl":{"start":{"line":25,"column":16},"end":{"line":25,"column":null}},"loc":{"start":{"line":25,"column":13},"end":{"line":25,"column":null}},"line":25},"4":{"name":"get","decl":{"start":{"line":34,"column":2},"end":{"line":34,"column":7}},"loc":{"start":{"line":34,"column":7},"end":{"line":34,"column":null}},"line":34},"5":{"name":"get","decl":{"start":{"line":35,"column":2},"end":{"line":35,"column":7}},"loc":{"start":{"line":35,"column":7},"end":{"line":35,"column":null}},"line":35},"6":{"name":"(anonymous_6)","decl":{"start":{"line":42,"column":9},"end":{"line":42,"column":11}},"loc":{"start":{"line":42,"column":9},"end":{"line":45,"column":null}},"line":42},"7":{"name":"(anonymous_7)","decl":{"start":{"line":39,"column":2},"end":{"line":39,"column":null}},"loc":{"start":{"line":40,"column":13},"end":{"line":40,"column":null}},"line":40},"8":{"name":"(anonymous_8)","decl":{"start":{"line":40,"column":16},"end":{"line":40,"column":null}},"loc":{"start":{"line":40,"column":13},"end":{"line":40,"column":null}},"line":40},"9":{"name":"get","decl":{"start":{"line":49,"column":2},"end":{"line":49,"column":7}},"loc":{"start":{"line":49,"column":7},"end":{"line":49,"column":null}},"line":49}},"branchMap":{"0":{"loc":{"start":{"line":23,"column":14},"end":{"line":23,"column":null}},"type":"if","locations":[{"start":{"line":23,"column":14},"end":{"line":23,"column":null}},{"start":{"line":23,"column":20},"end":{"line":23,"column":null}}],"line":23}},"s":{"0":0,"1":0,"2":0,"3":0,"4":0,"5":0,"6":0,"7":0,"8":0,"9":0,"10":0,"11":0,"12":0,"13":0,"14":0},"f":{"0":0,"1":0,"2":0,"3":0,"4":0,"5":0,"6":0,"7":0,"8":0,"9":0},"b":{"0":[0,0]},"meta":{"lastBranch":1,"lastFunction":10,"lastStatement":15,"seen":{"f:1:0:1:Infinity":0,"s:13:5:13:Infinity":0,"s:14:7:14:Infinity":1,"s:16:7:16:Infinity":2,"s:18:23:18:Infinity":3,"s:19:5:19:Infinity":4,"s:24:2:24:Infinity":5,"f:27:9:27:11":1,"s:27:9:30:Infinity":6,"s:24:2:25:Infinity":7,"f:24:2:24:Infinity":2,"s:25:13:25:Infinity":8,"f:25:16:25:Infinity":3,"f:34:2:34:7":4,"f:35:2:35:7":5,"s:39:2:39:Infinity":9,"f:42:9:42:11":6,"s:42:9:45:Infinity":10,"s:39:2:40:Infinity":11,"f:39:2:39:Infinity":7,"s:40:13:40:Infinity":12,"f:40:16:40:Infinity":8,"f:49:2:49:7":9,"b:23:14:23:Infinity:23:20:23:Infinity":0,"s:23:14:23:Infinity":13,"s:23:20:23:Infinity":14}}}
,"/Users/mattweinecke/Documents/GitHub/DockGuard/frontend/src/lib/components/ui/separator/index.ts": {"path":"/Users/mattweinecke/Documents/GitHub/DockGuard/frontend/src/lib/components/ui/separator/index.ts","statementMap":{},"fnMap":{},"branchMap":{},"s":{},"f":{},"b":{},"meta":{"lastBranch":0,"lastFunction":0,"lastStatement":0,"seen":{}}}
,"/Users/mattweinecke/Documents/GitHub/DockGuard/frontend/src/lib/components/ui/separator/separator.svelte": {"path":"/Users/mattweinecke/Documents/GitHub/DockGuard/frontend/src/lib/components/ui/separator/separator.svelte","statementMap":{"0":{"start":{"line":6,"column":5},"end":{"line":6,"column":null}},"1":{"start":{"line":8,"column":23},"end":{"line":8,"column":null}},"2":{"start":{"line":9,"column":5},"end":{"line":9,"column":null}},"3":{"start":{"line":16,"column":8},"end":{"line":17,"column":null}},"4":{"start":{"line":13,"column":1},"end":{"line":14,"column":null}},"5":{"start":{"line":15,"column":12},"end":{"line":15,"column":null}},"6":{"start":{"line":20,"column":5},"end":{"line":20,"column":14}}},"fnMap":{"0":{"name":"Separator","decl":{"start":{"line":1,"column":0},"end":{"line":1,"column":null}},"loc":{"start":{"line":1,"column":0},"end":{"line":11,"column":null}},"line":1},"1":{"name":"(anonymous_1)","decl":{"start":{"line":16,"column":8},"end":{"line":16,"column":10}},"loc":{"start":{"line":16,"column":8},"end":{"line":17,"column":null}},"line":16},"2":{"name":"(anonymous_2)","decl":{"start":{"line":20,"column":5},"end":{"line":20,"column":14}},"loc":{"start":{"line":20,"column":5},"end":{"line":20,"column":14}},"line":20},"3":{"name":"(anonymous_3)","decl":{"start":{"line":14,"column":1},"end":{"line":14,"column":6}},"loc":{"start":{"line":14,"column":6},"end":{"line":14,"column":null}},"line":14}},"branchMap":{},"s":{"0":0,"1":0,"2":0,"3":0,"4":0,"5":0,"6":0},"f":{"0":0,"1":0,"2":0,"3":0},"b":{},"meta":{"lastBranch":0,"lastFunction":4,"lastStatement":7,"seen":{"f:1:0:1:Infinity":0,"s:6:5:6:Infinity":0,"s:8:23:8:Infinity":1,"s:9:5:9:Infinity":2,"s:16:8:17:Infinity":3,"f:16:8:16:10":1,"s:13:1:14:Infinity":4,"s:15:12:15:Infinity":5,"f:20:5:20:14":2,"s:20:5:20:14":6,"f:14:1:14:6":3}}}
,"/Users/mattweinecke/Documents/GitHub/DockGuard/frontend/src/lib/components/ui/sheet/index.ts": {"path":"/Users/mattweinecke/Documents/GitHub/DockGuard/frontend/src/lib/components/ui/sheet/index.ts","statementMap":{},"fnMap":{},"branchMap":{},"s":{},"f":{},"b":{},"meta":{"lastBranch":0,"lastFunction":0,"lastStatement":0,"seen":{}}}
,"/Users/mattweinecke/Documents/GitHub/DockGuard/frontend/src/lib/components/ui/sheet/sheet-close.svelte": {"path":"/Users/mattweinecke/Documents/GitHub/DockGuard/frontend/src/lib/components/ui/sheet/sheet-close.svelte","statementMap":{"0":{"start":{"line":4,"column":10},"end":{"line":4,"column":33}},"1":{"start":{"line":4,"column":42},"end":{"line":4,"column":null}},"2":{"start":{"line":7,"column":1},"end":{"line":7,"column":59}},"3":{"start":{"line":7,"column":59},"end":{"line":7,"column":68}}},"fnMap":{"0":{"name":"Sheet_close","decl":{"start":{"line":1,"column":0},"end":{"line":1,"column":null}},"loc":{"start":{"line":1,"column":0},"end":{"line":5,"column":null}},"line":1},"1":{"name":"(anonymous_1)","decl":{"start":{"line":7,"column":21},"end":{"line":7,"column":22}},"loc":{"start":{"line":7,"column":59},"end":{"line":7,"column":68}},"line":7},"2":{"name":"(anonymous_2)","decl":{"start":{"line":7,"column":22},"end":{"line":7,"column":30}},"loc":{"start":{"line":7,"column":30},"end":{"line":7,"column":59}},"line":7}},"branchMap":{},"s":{"0":0,"1":0,"2":0,"3":0},"f":{"0":0,"1":0,"2":0},"b":{},"meta":{"lastBranch":0,"lastFunction":3,"lastStatement":4,"seen":{"f:1:0:1:Infinity":0,"s:4:10:4:33":0,"s:4:42:4:Infinity":1,"s:7:1:7:59":2,"f:7:21:7:22":1,"s:7:59:7:68":3,"f:7:22:7:30":2}}}
,"/Users/mattweinecke/Documents/GitHub/DockGuard/frontend/src/lib/components/ui/sheet/sheet-content.svelte": {"path":"/Users/mattweinecke/Documents/GitHub/DockGuard/frontend/src/lib/components/ui/sheet/sheet-content.svelte","statementMap":{"0":{"start":{"line":3,"column":27},"end":{"line":14,"column":null}},"1":{"start":{"line":31,"column":5},"end":{"line":31,"column":null}},"2":{"start":{"line":33,"column":6},"end":{"line":33,"column":null}},"3":{"start":{"line":36,"column":5},"end":{"line":36,"column":null}},"4":{"start":{"line":44,"column":1},"end":{"line":56,"column":null}},"5":{"start":{"line":44,"column":12},"end":{"line":44,"column":null}},"6":{"start":{"line":45,"column":2},"end":{"line":45,"column":null}},"7":{"start":{"line":49,"column":9},"end":{"line":49,"column":null}},"8":{"start":{"line":46,"column":2},"end":{"line":56,"column":null}},"9":{"start":{"line":50,"column":6},"end":{"line":50,"column":15}},"10":{"start":{"line":53,"column":3},"end":{"line":56,"column":null}},"11":{"start":{"line":56,"column":4},"end":{"line":56,"column":null}}},"fnMap":{"0":{"name":"Sheet_content","decl":{"start":{"line":21,"column":0},"end":{"line":21,"column":null}},"loc":{"start":{"line":21,"column":0},"end":{"line":42,"column":null}},"line":21},"1":{"name":"(anonymous_1)","decl":{"start":{"line":44,"column":1},"end":{"line":44,"column":12}},"loc":{"start":{"line":44,"column":1},"end":{"line":56,"column":null}},"line":44},"2":{"name":"(anonymous_2)","decl":{"start":{"line":44,"column":12},"end":{"line":44,"column":null}},"loc":{"start":{"line":44,"column":12},"end":{"line":44,"column":null}},"line":44},"3":{"name":"(anonymous_3)","decl":{"start":{"line":45,"column":2},"end":{"line":45,"column":14}},"loc":{"start":{"line":45,"column":2},"end":{"line":45,"column":null}},"line":45},"4":{"name":"(anonymous_4)","decl":{"start":{"line":49,"column":9},"end":{"line":49,"column":11}},"loc":{"start":{"line":49,"column":9},"end":{"line":49,"column":null}},"line":49},"5":{"name":"(anonymous_5)","decl":{"start":{"line":50,"column":6},"end":{"line":50,"column":15}},"loc":{"start":{"line":50,"column":6},"end":{"line":50,"column":15}},"line":50},"6":{"name":"(anonymous_6)","decl":{"start":{"line":47,"column":2},"end":{"line":47,"column":7}},"loc":{"start":{"line":47,"column":7},"end":{"line":47,"column":null}},"line":47},"7":{"name":"(anonymous_7)","decl":{"start":{"line":56,"column":4},"end":{"line":56,"column":9}},"loc":{"start":{"line":56,"column":4},"end":{"line":56,"column":null}},"line":56}},"branchMap":{},"s":{"0":1,"1":0,"2":0,"3":0,"4":0,"5":0,"6":0,"7":0,"8":0,"9":0,"10":0,"11":0},"f":{"0":0,"1":0,"2":0,"3":0,"4":0,"5":0,"6":0,"7":0},"b":{},"meta":{"lastBranch":0,"lastFunction":8,"lastStatement":12,"seen":{"s:3:27:14:Infinity":0,"f:21:0:21:Infinity":0,"s:31:5:31:Infinity":1,"s:33:6:33:Infinity":2,"s:36:5:36:Infinity":3,"f:44:1:44:12":1,"s:44:1:56:Infinity":4,"f:44:12:44:Infinity":2,"s:44:12:44:Infinity":5,"s:45:2:45:Infinity":6,"f:45:2:45:14":3,"s:49:9:49:Infinity":7,"f:49:9:49:11":4,"s:46:2:56:Infinity":8,"f:50:6:50:15":5,"s:50:6:50:15":9,"f:47:2:47:7":6,"s:53:3:56:Infinity":10,"s:56:4:56:Infinity":11,"f:56:4:56:9":7}}}
,"/Users/mattweinecke/Documents/GitHub/DockGuard/frontend/src/lib/components/ui/sheet/sheet-description.svelte": {"path":"/Users/mattweinecke/Documents/GitHub/DockGuard/frontend/src/lib/components/ui/sheet/sheet-description.svelte","statementMap":{"0":{"start":{"line":6,"column":5},"end":{"line":6,"column":null}},"1":{"start":{"line":8,"column":5},"end":{"line":8,"column":null}},"2":{"start":{"line":15,"column":8},"end":{"line":15,"column":null}},"3":{"start":{"line":12,"column":1},"end":{"line":13,"column":null}},"4":{"start":{"line":16,"column":5},"end":{"line":16,"column":14}}},"fnMap":{"0":{"name":"Sheet_description","decl":{"start":{"line":1,"column":0},"end":{"line":1,"column":null}},"loc":{"start":{"line":1,"column":0},"end":{"line":10,"column":null}},"line":1},"1":{"name":"(anonymous_1)","decl":{"start":{"line":15,"column":8},"end":{"line":15,"column":10}},"loc":{"start":{"line":15,"column":8},"end":{"line":15,"column":null}},"line":15},"2":{"name":"(anonymous_2)","decl":{"start":{"line":16,"column":5},"end":{"line":16,"column":14}},"loc":{"start":{"line":16,"column":5},"end":{"line":16,"column":14}},"line":16},"3":{"name":"(anonymous_3)","decl":{"start":{"line":13,"column":1},"end":{"line":13,"column":6}},"loc":{"start":{"line":13,"column":6},"end":{"line":13,"column":null}},"line":13}},"branchMap":{},"s":{"0":0,"1":0,"2":0,"3":0,"4":0},"f":{"0":0,"1":0,"2":0,"3":0},"b":{},"meta":{"lastBranch":0,"lastFunction":4,"lastStatement":5,"seen":{"f:1:0:1:Infinity":0,"s:6:5:6:Infinity":0,"s:8:5:8:Infinity":1,"s:15:8:15:Infinity":2,"f:15:8:15:10":1,"s:12:1:13:Infinity":3,"f:16:5:16:14":2,"s:16:5:16:14":4,"f:13:1:13:6":3}}}
,"/Users/mattweinecke/Documents/GitHub/DockGuard/frontend/src/lib/components/ui/sheet/sheet-footer.svelte": {"path":"/Users/mattweinecke/Documents/GitHub/DockGuard/frontend/src/lib/components/ui/sheet/sheet-footer.svelte","statementMap":{"0":{"start":{"line":6,"column":5},"end":{"line":6,"column":null}},"1":{"start":{"line":9,"column":5},"end":{"line":9,"column":null}},"2":{"start":{"line":13,"column":1},"end":{"line":13,"column":null}},"3":{"start":{"line":13,"column":1},"end":{"line":16,"column":null}},"4":{"start":{"line":13,"column":1},"end":{"line":17,"column":null}},"5":{"start":{"line":17,"column":14},"end":{"line":16,"column":null}},"6":{"start":{"line":13,"column":1},"end":{"line":14,"column":null}},"7":{"start":{"line":14,"column":12},"end":{"line":14,"column":null}}},"fnMap":{"0":{"name":"Sheet_footer","decl":{"start":{"line":1,"column":0},"end":{"line":1,"column":null}},"loc":{"start":{"line":1,"column":0},"end":{"line":11,"column":null}},"line":1},"1":{"name":"(anonymous_1)","decl":{"start":{"line":13,"column":1},"end":{"line":13,"column":null}},"loc":{"start":{"line":13,"column":1},"end":{"line":17,"column":null}},"line":13},"2":{"name":"(anonymous_2)","decl":{"start":{"line":17,"column":14},"end":{"line":17,"column":null}},"loc":{"start":{"line":17,"column":14},"end":{"line":16,"column":null}},"line":17},"3":{"name":"(anonymous_3)","decl":{"start":{"line":14,"column":15},"end":{"line":14,"column":null}},"loc":{"start":{"line":14,"column":12},"end":{"line":14,"column":null}},"line":14}},"branchMap":{},"s":{"0":0,"1":0,"2":0,"3":0,"4":0,"5":0,"6":0,"7":0},"f":{"0":0,"1":0,"2":0,"3":0},"b":{},"meta":{"lastBranch":0,"lastFunction":4,"lastStatement":8,"seen":{"f:1:0:1:Infinity":0,"s:6:5:6:Infinity":0,"s:9:5:9:Infinity":1,"s:13:1:13:Infinity":2,"s:13:1:16:Infinity":3,"f:13:1:13:Infinity":1,"s:13:1:17:Infinity":4,"f:17:14:17:Infinity":2,"s:17:14:16:Infinity":5,"s:13:1:14:Infinity":6,"s:14:12:14:Infinity":7,"f:14:15:14:Infinity":3}}}
,"/Users/mattweinecke/Documents/GitHub/DockGuard/frontend/src/lib/components/ui/sheet/sheet-header.svelte": {"path":"/Users/mattweinecke/Documents/GitHub/DockGuard/frontend/src/lib/components/ui/sheet/sheet-header.svelte","statementMap":{"0":{"start":{"line":6,"column":5},"end":{"line":6,"column":null}},"1":{"start":{"line":9,"column":5},"end":{"line":9,"column":null}},"2":{"start":{"line":13,"column":1},"end":{"line":13,"column":null}},"3":{"start":{"line":13,"column":1},"end":{"line":16,"column":null}},"4":{"start":{"line":13,"column":1},"end":{"line":17,"column":null}},"5":{"start":{"line":17,"column":14},"end":{"line":16,"column":null}},"6":{"start":{"line":13,"column":1},"end":{"line":14,"column":null}},"7":{"start":{"line":14,"column":12},"end":{"line":14,"column":null}}},"fnMap":{"0":{"name":"Sheet_header","decl":{"start":{"line":1,"column":0},"end":{"line":1,"column":null}},"loc":{"start":{"line":1,"column":0},"end":{"line":11,"column":null}},"line":1},"1":{"name":"(anonymous_1)","decl":{"start":{"line":13,"column":1},"end":{"line":13,"column":null}},"loc":{"start":{"line":13,"column":1},"end":{"line":17,"column":null}},"line":13},"2":{"name":"(anonymous_2)","decl":{"start":{"line":17,"column":14},"end":{"line":17,"column":null}},"loc":{"start":{"line":17,"column":14},"end":{"line":16,"column":null}},"line":17},"3":{"name":"(anonymous_3)","decl":{"start":{"line":14,"column":15},"end":{"line":14,"column":null}},"loc":{"start":{"line":14,"column":12},"end":{"line":14,"column":null}},"line":14}},"branchMap":{},"s":{"0":0,"1":0,"2":0,"3":0,"4":0,"5":0,"6":0,"7":0},"f":{"0":0,"1":0,"2":0,"3":0},"b":{},"meta":{"lastBranch":0,"lastFunction":4,"lastStatement":8,"seen":{"f:1:0:1:Infinity":0,"s:6:5:6:Infinity":0,"s:9:5:9:Infinity":1,"s:13:1:13:Infinity":2,"s:13:1:16:Infinity":3,"f:13:1:13:Infinity":1,"s:13:1:17:Infinity":4,"f:17:14:17:Infinity":2,"s:17:14:16:Infinity":5,"s:13:1:14:Infinity":6,"s:14:12:14:Infinity":7,"f:14:15:14:Infinity":3}}}
,"/Users/mattweinecke/Documents/GitHub/DockGuard/frontend/src/lib/components/ui/sheet/sheet-overlay.svelte": {"path":"/Users/mattweinecke/Documents/GitHub/DockGuard/frontend/src/lib/components/ui/sheet/sheet-overlay.svelte","statementMap":{"0":{"start":{"line":6,"column":5},"end":{"line":6,"column":null}},"1":{"start":{"line":8,"column":5},"end":{"line":8,"column":null}},"2":{"start":{"line":15,"column":8},"end":{"line":16,"column":null}},"3":{"start":{"line":12,"column":1},"end":{"line":13,"column":null}},"4":{"start":{"line":19,"column":5},"end":{"line":19,"column":14}}},"fnMap":{"0":{"name":"Sheet_overlay","decl":{"start":{"line":1,"column":0},"end":{"line":1,"column":null}},"loc":{"start":{"line":1,"column":0},"end":{"line":10,"column":null}},"line":1},"1":{"name":"(anonymous_1)","decl":{"start":{"line":15,"column":8},"end":{"line":15,"column":10}},"loc":{"start":{"line":15,"column":8},"end":{"line":16,"column":null}},"line":15},"2":{"name":"(anonymous_2)","decl":{"start":{"line":19,"column":5},"end":{"line":19,"column":14}},"loc":{"start":{"line":19,"column":5},"end":{"line":19,"column":14}},"line":19},"3":{"name":"(anonymous_3)","decl":{"start":{"line":13,"column":1},"end":{"line":13,"column":6}},"loc":{"start":{"line":13,"column":6},"end":{"line":13,"column":null}},"line":13}},"branchMap":{},"s":{"0":0,"1":0,"2":0,"3":0,"4":0},"f":{"0":0,"1":0,"2":0,"3":0},"b":{},"meta":{"lastBranch":0,"lastFunction":4,"lastStatement":5,"seen":{"f:1:0:1:Infinity":0,"s:6:5:6:Infinity":0,"s:8:5:8:Infinity":1,"s:15:8:16:Infinity":2,"f:15:8:15:10":1,"s:12:1:13:Infinity":3,"f:19:5:19:14":2,"s:19:5:19:14":4,"f:13:1:13:6":3}}}
,"/Users/mattweinecke/Documents/GitHub/DockGuard/frontend/src/lib/components/ui/sheet/sheet-portal.svelte": {"path":"/Users/mattweinecke/Documents/GitHub/DockGuard/frontend/src/lib/components/ui/sheet/sheet-portal.svelte","statementMap":{"0":{"start":{"line":4,"column":19},"end":{"line":4,"column":null}},"1":{"start":{"line":7,"column":1},"end":{"line":7,"column":null}},"2":{"start":{"line":7,"column":27},"end":{"line":7,"column":36}}},"fnMap":{"0":{"name":"Sheet_portal","decl":{"start":{"line":1,"column":0},"end":{"line":1,"column":null}},"loc":{"start":{"line":1,"column":0},"end":{"line":5,"column":null}},"line":1},"1":{"name":"(anonymous_1)","decl":{"start":{"line":7,"column":22},"end":{"line":7,"column":27}},"loc":{"start":{"line":7,"column":27},"end":{"line":7,"column":36}},"line":7}},"branchMap":{},"s":{"0":0,"1":0,"2":0},"f":{"0":0,"1":0},"b":{},"meta":{"lastBranch":0,"lastFunction":2,"lastStatement":3,"seen":{"f:1:0:1:Infinity":0,"s:4:19:4:Infinity":0,"s:7:1:7:Infinity":1,"f:7:22:7:27":1,"s:7:27:7:36":2}}}
,"/Users/mattweinecke/Documents/GitHub/DockGuard/frontend/src/lib/components/ui/sheet/sheet-title.svelte": {"path":"/Users/mattweinecke/Documents/GitHub/DockGuard/frontend/src/lib/components/ui/sheet/sheet-title.svelte","statementMap":{"0":{"start":{"line":6,"column":5},"end":{"line":6,"column":null}},"1":{"start":{"line":8,"column":5},"end":{"line":8,"column":null}},"2":{"start":{"line":15,"column":8},"end":{"line":15,"column":null}},"3":{"start":{"line":12,"column":1},"end":{"line":13,"column":null}},"4":{"start":{"line":16,"column":5},"end":{"line":16,"column":14}}},"fnMap":{"0":{"name":"Sheet_title","decl":{"start":{"line":1,"column":0},"end":{"line":1,"column":null}},"loc":{"start":{"line":1,"column":0},"end":{"line":10,"column":null}},"line":1},"1":{"name":"(anonymous_1)","decl":{"start":{"line":15,"column":8},"end":{"line":15,"column":10}},"loc":{"start":{"line":15,"column":8},"end":{"line":15,"column":null}},"line":15},"2":{"name":"(anonymous_2)","decl":{"start":{"line":16,"column":5},"end":{"line":16,"column":14}},"loc":{"start":{"line":16,"column":5},"end":{"line":16,"column":14}},"line":16},"3":{"name":"(anonymous_3)","decl":{"start":{"line":13,"column":1},"end":{"line":13,"column":6}},"loc":{"start":{"line":13,"column":6},"end":{"line":13,"column":null}},"line":13}},"branchMap":{},"s":{"0":0,"1":0,"2":0,"3":0,"4":0},"f":{"0":0,"1":0,"2":0,"3":0},"b":{},"meta":{"lastBranch":0,"lastFunction":4,"lastStatement":5,"seen":{"f:1:0:1:Infinity":0,"s:6:5:6:Infinity":0,"s:8:5:8:Infinity":1,"s:15:8:15:Infinity":2,"f:15:8:15:10":1,"s:12:1:13:Infinity":3,"f:16:5:16:14":2,"s:16:5:16:14":4,"f:13:1:13:6":3}}}
,"/Users/mattweinecke/Documents/GitHub/DockGuard/frontend/src/lib/components/ui/sheet/sheet-trigger.svelte": {"path":"/Users/mattweinecke/Documents/GitHub/DockGuard/frontend/src/lib/components/ui/sheet/sheet-trigger.svelte","statementMap":{"0":{"start":{"line":4,"column":10},"end":{"line":4,"column":33}},"1":{"start":{"line":4,"column":42},"end":{"line":4,"column":null}},"2":{"start":{"line":7,"column":1},"end":{"line":7,"column":63}},"3":{"start":{"line":7,"column":63},"end":{"line":7,"column":72}}},"fnMap":{"0":{"name":"Sheet_trigger","decl":{"start":{"line":1,"column":0},"end":{"line":1,"column":null}},"loc":{"start":{"line":1,"column":0},"end":{"line":5,"column":null}},"line":1},"1":{"name":"(anonymous_1)","decl":{"start":{"line":7,"column":23},"end":{"line":7,"column":24}},"loc":{"start":{"line":7,"column":63},"end":{"line":7,"column":72}},"line":7},"2":{"name":"(anonymous_2)","decl":{"start":{"line":7,"column":24},"end":{"line":7,"column":32}},"loc":{"start":{"line":7,"column":32},"end":{"line":7,"column":63}},"line":7}},"branchMap":{},"s":{"0":0,"1":0,"2":0,"3":0},"f":{"0":0,"1":0,"2":0},"b":{},"meta":{"lastBranch":0,"lastFunction":3,"lastStatement":4,"seen":{"f:1:0:1:Infinity":0,"s:4:10:4:33":0,"s:4:42:4:Infinity":1,"s:7:1:7:63":2,"f:7:23:7:24":1,"s:7:63:7:72":3,"f:7:24:7:32":2}}}
,"/Users/mattweinecke/Documents/GitHub/DockGuard/frontend/src/lib/components/ui/sheet/sheet.svelte": {"path":"/Users/mattweinecke/Documents/GitHub/DockGuard/frontend/src/lib/components/ui/sheet/sheet.svelte","statementMap":{"0":{"start":{"line":4,"column":11},"end":{"line":4,"column":35}},"1":{"start":{"line":4,"column":44},"end":{"line":4,"column":null}},"2":{"start":{"line":7,"column":1},"end":{"line":7,"column":35}},"3":{"start":{"line":7,"column":35},"end":{"line":7,"column":44}}},"fnMap":{"0":{"name":"Sheet","decl":{"start":{"line":1,"column":0},"end":{"line":1,"column":null}},"loc":{"start":{"line":1,"column":0},"end":{"line":5,"column":null}},"line":1},"1":{"name":"(anonymous_1)","decl":{"start":{"line":7,"column":20},"end":{"line":7,"column":21}},"loc":{"start":{"line":7,"column":35},"end":{"line":7,"column":44}},"line":7},"2":{"name":"(anonymous_2)","decl":{"start":{"line":7,"column":21},"end":{"line":7,"column":30}},"loc":{"start":{"line":7,"column":30},"end":{"line":7,"column":35}},"line":7}},"branchMap":{},"s":{"0":0,"1":0,"2":0,"3":0},"f":{"0":0,"1":0,"2":0},"b":{},"meta":{"lastBranch":0,"lastFunction":3,"lastStatement":4,"seen":{"f:1:0:1:Infinity":0,"s:4:11:4:35":0,"s:4:44:4:Infinity":1,"s:7:1:7:35":2,"f:7:20:7:21":1,"s:7:35:7:44":3,"f:7:21:7:30":2}}}
,"/Users/mattweinecke/Documents/GitHub/DockGuard/frontend/src/lib/components/ui/sidebar/constants.ts": {"path":"/Users/mattweinecke/Documents/GitHub/DockGuard/frontend/src/lib/components/ui/sidebar/constants.ts","statementMap":{"0":{"start":{"line":1,"column":35},"end":{"line":1,"column":50}},"1":{"start":{"line":2,"column":38},"end":{"line":2,"column":54}},"2":{"start":{"line":3,"column":29},"end":{"line":3,"column":36}},"3":{"start":{"line":4,"column":36},"end":{"line":4,"column":43}},"4":{"start":{"line":5,"column":34},"end":{"line":5,"column":40}},"5":{"start":{"line":6,"column":41},"end":{"line":6,"column":44}}},"fnMap":{},"branchMap":{},"s":{"0":1,"1":1,"2":1,"3":1,"4":1,"5":1},"f":{},"b":{},"meta":{"lastBranch":0,"lastFunction":0,"lastStatement":6,"seen":{"s:1:35:1:50":0,"s:2:38:2:54":1,"s:3:29:3:36":2,"s:4:36:4:43":3,"s:5:34:5:40":4,"s:6:41:6:44":5}}}
,"/Users/mattweinecke/Documents/GitHub/DockGuard/frontend/src/lib/components/ui/sidebar/context.svelte.ts": {"path":"/Users/mattweinecke/Documents/GitHub/DockGuard/frontend/src/lib/components/ui/sidebar/context.svelte.ts","statementMap":{"0":{"start":{"line":25,"column":26},"end":{"line":25,"column":null}},"1":{"start":{"line":26,"column":14},"end":{"line":26,"column":null}},"2":{"start":{"line":29,"column":28},"end":{"line":29,"column":null}},"3":{"start":{"line":44,"column":1},"end":{"line":49,"column":null}},"4":{"start":{"line":51,"column":1},"end":{"line":53,"column":null}},"5":{"start":{"line":55,"column":1},"end":{"line":59,"column":null}},"6":{"start":{"line":29,"column":28},"end":{"line":29,"column":65}},"7":{"start":{"line":32,"column":2},"end":{"line":32,"column":null}},"8":{"start":{"line":33,"column":2},"end":{"line":33,"column":null}},"9":{"start":{"line":34,"column":2},"end":{"line":34,"column":null}},"10":{"start":{"line":40,"column":9},"end":{"line":40,"column":null}},"11":{"start":{"line":45,"column":6},"end":{"line":48,"column":null}},"12":{"start":{"line":46,"column":3},"end":{"line":46,"column":null}},"13":{"start":{"line":47,"column":3},"end":{"line":47,"column":null}},"14":{"start":{"line":52,"column":2},"end":{"line":52,"column":null}},"15":{"start":{"line":56,"column":9},"end":{"line":58,"column":null}},"16":{"start":{"line":62,"column":19},"end":{"line":62,"column":null}},"17":{"start":{"line":71,"column":8},"end":{"line":71,"column":null}},"18":{"start":{"line":80,"column":8},"end":{"line":80,"column":null}}},"fnMap":{"0":{"name":"(anonymous_0)","decl":{"start":{"line":25,"column":26},"end":{"line":25,"column":31}},"loc":{"start":{"line":25,"column":26},"end":{"line":25,"column":null}},"line":25},"1":{"name":"(anonymous_1)","decl":{"start":{"line":25,"column":1},"end":{"line":25,"column":26}},"loc":{"start":{"line":25,"column":1},"end":{"line":25,"column":26}},"line":25},"2":{"name":"(anonymous_2)","decl":{"start":{"line":26,"column":1},"end":{"line":26,"column":14}},"loc":{"start":{"line":26,"column":1},"end":{"line":26,"column":14}},"line":26},"3":{"name":"(anonymous_3)","decl":{"start":{"line":29,"column":28},"end":{"line":29,"column":33}},"loc":{"start":{"line":29,"column":28},"end":{"line":29,"column":65}},"line":29},"4":{"name":"(anonymous_4)","decl":{"start":{"line":29,"column":1},"end":{"line":29,"column":28}},"loc":{"start":{"line":29,"column":1},"end":{"line":29,"column":28}},"line":29},"5":{"name":"(anonymous_5)","decl":{"start":{"line":31,"column":1},"end":{"line":31,"column":13}},"loc":{"start":{"line":31,"column":39},"end":{"line":35,"column":null}},"line":31},"6":{"name":"(anonymous_6)","decl":{"start":{"line":39,"column":5},"end":{"line":39,"column":16}},"loc":{"start":{"line":39,"column":16},"end":{"line":41,"column":null}},"line":39},"7":{"name":"(anonymous_7)","decl":{"start":{"line":44,"column":1},"end":{"line":44,"column":26}},"loc":{"start":{"line":44,"column":47},"end":{"line":49,"column":null}},"line":44},"8":{"name":"(anonymous_8)","decl":{"start":{"line":51,"column":1},"end":{"line":51,"column":18}},"loc":{"start":{"line":51,"column":37},"end":{"line":53,"column":null}},"line":51},"9":{"name":"(anonymous_9)","decl":{"start":{"line":55,"column":1},"end":{"line":55,"column":16}},"loc":{"start":{"line":55,"column":16},"end":{"line":59,"column":null}},"line":55},"10":{"name":"setSidebar","decl":{"start":{"line":70,"column":16},"end":{"line":70,"column":27}},"loc":{"start":{"line":70,"column":67},"end":{"line":72,"column":null}},"line":70},"11":{"name":"useSidebar","decl":{"start":{"line":79,"column":16},"end":{"line":79,"column":43}},"loc":{"start":{"line":79,"column":43},"end":{"line":81,"column":null}},"line":79}},"branchMap":{"0":{"loc":{"start":{"line":29,"column":28},"end":{"line":29,"column":65}},"type":"cond-expr","locations":[{"start":{"line":29,"column":40},"end":{"line":29,"column":53}},{"start":{"line":29,"column":53},"end":{"line":29,"column":65}}],"line":29},"1":{"loc":{"start":{"line":45,"column":6},"end":{"line":48,"column":null}},"type":"if","locations":[{"start":{"line":45,"column":6},"end":{"line":48,"column":null}},{"start":{},"end":{}}],"line":45},"2":{"loc":{"start":{"line":45,"column":6},"end":{"line":45,"column":71}},"type":"binary-expr","locations":[{"start":{"line":45,"column":6},"end":{"line":45,"column":46}},{"start":{"line":45,"column":46},"end":{"line":45,"column":59}},{"start":{"line":45,"column":59},"end":{"line":45,"column":71}}],"line":45},"3":{"loc":{"start":{"line":56,"column":9},"end":{"line":58,"column":null}},"type":"cond-expr","locations":[{"start":{"line":57,"column":6},"end":{"line":57,"column":null}},{"start":{"line":58,"column":5},"end":{"line":58,"column":null}}],"line":56}},"s":{"0":2,"1":2,"2":2,"3":0,"4":0,"5":0,"6":2,"7":2,"8":2,"9":2,"10":2,"11":0,"12":0,"13":0,"14":0,"15":0,"16":1,"17":2,"18":16},"f":{"0":2,"1":2,"2":0,"3":2,"4":4,"5":2,"6":2,"7":0,"8":0,"9":0,"10":2,"11":16},"b":{"0":[2,0],"1":[0,0],"2":[0,0,0],"3":[0,0]},"meta":{"lastBranch":4,"lastFunction":12,"lastStatement":19,"seen":{"s:25:26:25:Infinity":0,"s:26:14:26:Infinity":1,"s:29:28:29:Infinity":2,"s:44:1:49:Infinity":3,"s:51:1:53:Infinity":4,"s:55:1:59:Infinity":5,"f:25:26:25:31":0,"f:25:1:25:26":1,"f:26:1:26:14":2,"f:29:28:29:33":3,"s:29:28:29:65":6,"b:29:40:29:53:29:53:29:65":0,"f:29:1:29:28":4,"f:31:1:31:13":5,"s:32:2:32:Infinity":7,"s:33:2:33:Infinity":8,"s:34:2:34:Infinity":9,"f:39:5:39:16":6,"s:40:9:40:Infinity":10,"f:44:1:44:26":7,"b:45:6:48:Infinity:undefined:undefined:undefined:undefined":1,"s:45:6:48:Infinity":11,"b:45:6:45:46:45:46:45:59:45:59:45:71":2,"s:46:3:46:Infinity":12,"s:47:3:47:Infinity":13,"f:51:1:51:18":8,"s:52:2:52:Infinity":14,"f:55:1:55:16":9,"s:56:9:58:Infinity":15,"b:57:6:57:Infinity:58:5:58:Infinity":3,"s:62:19:62:Infinity":16,"f:70:16:70:27":10,"s:71:8:71:Infinity":17,"f:79:16:79:43":11,"s:80:8:80:Infinity":18}}}
,"/Users/mattweinecke/Documents/GitHub/DockGuard/frontend/src/lib/components/ui/sidebar/index.ts": {"path":"/Users/mattweinecke/Documents/GitHub/DockGuard/frontend/src/lib/components/ui/sidebar/index.ts","statementMap":{},"fnMap":{},"branchMap":{},"s":{},"f":{},"b":{},"meta":{"lastBranch":0,"lastFunction":0,"lastStatement":0,"seen":{}}}
,"/Users/mattweinecke/Documents/GitHub/DockGuard/frontend/src/lib/components/ui/sidebar/sidebar-content.svelte": {"path":"/Users/mattweinecke/Documents/GitHub/DockGuard/frontend/src/lib/components/ui/sidebar/sidebar-content.svelte","statementMap":{"0":{"start":{"line":6,"column":5},"end":{"line":6,"column":null}},"1":{"start":{"line":9,"column":5},"end":{"line":9,"column":null}},"2":{"start":{"line":13,"column":1},"end":{"line":13,"column":null}},"3":{"start":{"line":17,"column":8},"end":{"line":18,"column":null}},"4":{"start":{"line":13,"column":1},"end":{"line":14,"column":null}},"5":{"start":{"line":14,"column":12},"end":{"line":14,"column":null}}},"fnMap":{"0":{"name":"Sidebar_content","decl":{"start":{"line":1,"column":0},"end":{"line":1,"column":null}},"loc":{"start":{"line":1,"column":0},"end":{"line":11,"column":null}},"line":1},"1":{"name":"(anonymous_1)","decl":{"start":{"line":17,"column":8},"end":{"line":17,"column":10}},"loc":{"start":{"line":17,"column":8},"end":{"line":18,"column":null}},"line":17},"2":{"name":"(anonymous_2)","decl":{"start":{"line":13,"column":1},"end":{"line":13,"column":null}},"loc":{"start":{"line":14,"column":12},"end":{"line":14,"column":null}},"line":14},"3":{"name":"(anonymous_3)","decl":{"start":{"line":14,"column":15},"end":{"line":14,"column":null}},"loc":{"start":{"line":14,"column":12},"end":{"line":14,"column":null}},"line":14}},"branchMap":{},"s":{"0":2,"1":2,"2":2,"3":2,"4":2,"5":4},"f":{"0":2,"1":2,"2":4,"3":4},"b":{},"meta":{"lastBranch":0,"lastFunction":4,"lastStatement":6,"seen":{"f:1:0:1:Infinity":0,"s:6:5:6:Infinity":0,"s:9:5:9:Infinity":1,"s:13:1:13:Infinity":2,"f:17:8:17:10":1,"s:17:8:18:Infinity":3,"s:13:1:14:Infinity":4,"f:13:1:13:Infinity":2,"s:14:12:14:Infinity":5,"f:14:15:14:Infinity":3}}}
,"/Users/mattweinecke/Documents/GitHub/DockGuard/frontend/src/lib/components/ui/sidebar/sidebar-footer.svelte": {"path":"/Users/mattweinecke/Documents/GitHub/DockGuard/frontend/src/lib/components/ui/sidebar/sidebar-footer.svelte","statementMap":{"0":{"start":{"line":6,"column":5},"end":{"line":6,"column":null}},"1":{"start":{"line":9,"column":5},"end":{"line":9,"column":null}},"2":{"start":{"line":13,"column":1},"end":{"line":13,"column":null}},"3":{"start":{"line":17,"column":8},"end":{"line":17,"column":null}},"4":{"start":{"line":13,"column":1},"end":{"line":14,"column":null}},"5":{"start":{"line":14,"column":12},"end":{"line":14,"column":null}}},"fnMap":{"0":{"name":"Sidebar_footer","decl":{"start":{"line":1,"column":0},"end":{"line":1,"column":null}},"loc":{"start":{"line":1,"column":0},"end":{"line":11,"column":null}},"line":1},"1":{"name":"(anonymous_1)","decl":{"start":{"line":17,"column":8},"end":{"line":17,"column":10}},"loc":{"start":{"line":17,"column":8},"end":{"line":17,"column":null}},"line":17},"2":{"name":"(anonymous_2)","decl":{"start":{"line":13,"column":1},"end":{"line":13,"column":null}},"loc":{"start":{"line":14,"column":12},"end":{"line":14,"column":null}},"line":14},"3":{"name":"(anonymous_3)","decl":{"start":{"line":14,"column":15},"end":{"line":14,"column":null}},"loc":{"start":{"line":14,"column":12},"end":{"line":14,"column":null}},"line":14}},"branchMap":{},"s":{"0":0,"1":0,"2":0,"3":0,"4":0,"5":0},"f":{"0":0,"1":0,"2":0,"3":0},"b":{},"meta":{"lastBranch":0,"lastFunction":4,"lastStatement":6,"seen":{"f:1:0:1:Infinity":0,"s:6:5:6:Infinity":0,"s:9:5:9:Infinity":1,"s:13:1:13:Infinity":2,"f:17:8:17:10":1,"s:17:8:17:Infinity":3,"s:13:1:14:Infinity":4,"f:13:1:13:Infinity":2,"s:14:12:14:Infinity":5,"f:14:15:14:Infinity":3}}}
,"/Users/mattweinecke/Documents/GitHub/DockGuard/frontend/src/lib/components/ui/sidebar/sidebar-group-action.svelte": {"path":"/Users/mattweinecke/Documents/GitHub/DockGuard/frontend/src/lib/components/ui/sidebar/sidebar-group-action.svelte","statementMap":{"0":{"start":{"line":7,"column":5},"end":{"line":7,"column":null}},"1":{"start":{"line":11,"column":5},"end":{"line":11,"column":null}},"2":{"start":{"line":16,"column":18},"end":{"line":26,"column":null}},"3":{"start":{"line":31,"column":18},"end":{"line":31,"column":null}},"4":{"start":{"line":31,"column":18},"end":{"line":31,"column":23}},"5":{"start":{"line":33,"column":8},"end":{"line":33,"column":20}},"6":{"start":{"line":33,"column":2},"end":{"line":33,"column":null}},"7":{"start":{"line":33,"column":8},"end":{"line":33,"column":null}},"8":{"start":{"line":33,"column":2},"end":{"line":33,"column":20}},"9":{"start":{"line":33,"column":2},"end":{"line":33,"column":29}},"10":{"start":{"line":33,"column":20},"end":{"line":33,"column":29}}},"fnMap":{"0":{"name":"Sidebar_group_action","decl":{"start":{"line":1,"column":0},"end":{"line":1,"column":null}},"loc":{"start":{"line":1,"column":0},"end":{"line":28,"column":null}},"line":1},"1":{"name":"(anonymous_1)","decl":{"start":{"line":31,"column":18},"end":{"line":31,"column":23}},"loc":{"start":{"line":31,"column":18},"end":{"line":31,"column":null}},"line":31},"2":{"name":"(anonymous_2)","decl":{"start":{"line":33,"column":8},"end":{"line":33,"column":20}},"loc":{"start":{"line":33,"column":8},"end":{"line":33,"column":null}},"line":33},"3":{"name":"(anonymous_3)","decl":{"start":{"line":33,"column":23},"end":{"line":33,"column":29}},"loc":{"start":{"line":33,"column":20},"end":{"line":33,"column":29}},"line":33}},"branchMap":{},"s":{"0":0,"1":0,"2":0,"3":0,"4":0,"5":0,"6":0,"7":0,"8":0,"9":0,"10":0},"f":{"0":0,"1":0,"2":0,"3":0},"b":{},"meta":{"lastBranch":0,"lastFunction":4,"lastStatement":11,"seen":{"f:1:0:1:Infinity":0,"s:7:5:7:Infinity":0,"s:11:5:11:Infinity":1,"s:16:18:26:Infinity":2,"s:31:18:31:Infinity":3,"f:31:18:31:23":1,"s:31:18:31:23":4,"s:33:8:33:20":5,"s:33:2:33:Infinity":6,"f:33:8:33:20":2,"s:33:8:33:Infinity":7,"s:33:2:33:20":8,"s:33:2:33:29":9,"s:33:20:33:29":10,"f:33:23:33:29":3}}}
,"/Users/mattweinecke/Documents/GitHub/DockGuard/frontend/src/lib/components/ui/sidebar/sidebar-group-content.svelte": {"path":"/Users/mattweinecke/Documents/GitHub/DockGuard/frontend/src/lib/components/ui/sidebar/sidebar-group-content.svelte","statementMap":{"0":{"start":{"line":6,"column":5},"end":{"line":6,"column":null}},"1":{"start":{"line":9,"column":5},"end":{"line":9,"column":null}},"2":{"start":{"line":13,"column":1},"end":{"line":13,"column":null}},"3":{"start":{"line":17,"column":8},"end":{"line":17,"column":null}},"4":{"start":{"line":13,"column":1},"end":{"line":14,"column":null}},"5":{"start":{"line":14,"column":12},"end":{"line":14,"column":null}}},"fnMap":{"0":{"name":"Sidebar_group_content","decl":{"start":{"line":1,"column":0},"end":{"line":1,"column":null}},"loc":{"start":{"line":1,"column":0},"end":{"line":11,"column":null}},"line":1},"1":{"name":"(anonymous_1)","decl":{"start":{"line":17,"column":8},"end":{"line":17,"column":10}},"loc":{"start":{"line":17,"column":8},"end":{"line":17,"column":null}},"line":17},"2":{"name":"(anonymous_2)","decl":{"start":{"line":13,"column":1},"end":{"line":13,"column":null}},"loc":{"start":{"line":14,"column":12},"end":{"line":14,"column":null}},"line":14},"3":{"name":"(anonymous_3)","decl":{"start":{"line":14,"column":15},"end":{"line":14,"column":null}},"loc":{"start":{"line":14,"column":12},"end":{"line":14,"column":null}},"line":14}},"branchMap":{},"s":{"0":2,"1":2,"2":2,"3":2,"4":2,"5":4},"f":{"0":2,"1":2,"2":4,"3":4},"b":{},"meta":{"lastBranch":0,"lastFunction":4,"lastStatement":6,"seen":{"f:1:0:1:Infinity":0,"s:6:5:6:Infinity":0,"s:9:5:9:Infinity":1,"s:13:1:13:Infinity":2,"f:17:8:17:10":1,"s:17:8:17:Infinity":3,"s:13:1:14:Infinity":4,"f:13:1:13:Infinity":2,"s:14:12:14:Infinity":5,"f:14:15:14:Infinity":3}}}
,"/Users/mattweinecke/Documents/GitHub/DockGuard/frontend/src/lib/components/ui/sidebar/sidebar-group-label.svelte": {"path":"/Users/mattweinecke/Documents/GitHub/DockGuard/frontend/src/lib/components/ui/sidebar/sidebar-group-label.svelte","statementMap":{"0":{"start":{"line":7,"column":5},"end":{"line":7,"column":null}},"1":{"start":{"line":11,"column":5},"end":{"line":11,"column":null}},"2":{"start":{"line":16,"column":18},"end":{"line":24,"column":null}},"3":{"start":{"line":29,"column":18},"end":{"line":29,"column":null}},"4":{"start":{"line":29,"column":18},"end":{"line":29,"column":23}},"5":{"start":{"line":31,"column":5},"end":{"line":31,"column":17}},"6":{"start":{"line":31,"column":2},"end":{"line":31,"column":null}},"7":{"start":{"line":31,"column":5},"end":{"line":31,"column":null}},"8":{"start":{"line":31,"column":2},"end":{"line":31,"column":17}},"9":{"start":{"line":31,"column":2},"end":{"line":31,"column":26}},"10":{"start":{"line":31,"column":17},"end":{"line":31,"column":26}}},"fnMap":{"0":{"name":"Sidebar_group_label","decl":{"start":{"line":1,"column":0},"end":{"line":1,"column":null}},"loc":{"start":{"line":1,"column":0},"end":{"line":26,"column":null}},"line":1},"1":{"name":"(anonymous_1)","decl":{"start":{"line":29,"column":18},"end":{"line":29,"column":23}},"loc":{"start":{"line":29,"column":18},"end":{"line":29,"column":null}},"line":29},"2":{"name":"(anonymous_2)","decl":{"start":{"line":31,"column":5},"end":{"line":31,"column":17}},"loc":{"start":{"line":31,"column":5},"end":{"line":31,"column":null}},"line":31},"3":{"name":"(anonymous_3)","decl":{"start":{"line":31,"column":20},"end":{"line":31,"column":26}},"loc":{"start":{"line":31,"column":17},"end":{"line":31,"column":26}},"line":31}},"branchMap":{},"s":{"0":2,"1":2,"2":2,"3":0,"4":0,"5":2,"6":2,"7":2,"8":2,"9":2,"10":4},"f":{"0":2,"1":0,"2":6,"3":4},"b":{},"meta":{"lastBranch":0,"lastFunction":4,"lastStatement":11,"seen":{"f:1:0:1:Infinity":0,"s:7:5:7:Infinity":0,"s:11:5:11:Infinity":1,"s:16:18:24:Infinity":2,"s:29:18:29:Infinity":3,"f:29:18:29:23":1,"s:29:18:29:23":4,"s:31:5:31:17":5,"s:31:2:31:Infinity":6,"f:31:5:31:17":2,"s:31:5:31:Infinity":7,"s:31:2:31:17":8,"s:31:2:31:26":9,"s:31:17:31:26":10,"f:31:20:31:26":3}}}
,"/Users/mattweinecke/Documents/GitHub/DockGuard/frontend/src/lib/components/ui/sidebar/sidebar-group.svelte": {"path":"/Users/mattweinecke/Documents/GitHub/DockGuard/frontend/src/lib/components/ui/sidebar/sidebar-group.svelte","statementMap":{"0":{"start":{"line":6,"column":5},"end":{"line":6,"column":null}},"1":{"start":{"line":9,"column":5},"end":{"line":9,"column":null}},"2":{"start":{"line":13,"column":1},"end":{"line":13,"column":null}},"3":{"start":{"line":17,"column":8},"end":{"line":17,"column":null}},"4":{"start":{"line":13,"column":1},"end":{"line":14,"column":null}},"5":{"start":{"line":14,"column":12},"end":{"line":14,"column":null}}},"fnMap":{"0":{"name":"Sidebar_group","decl":{"start":{"line":1,"column":0},"end":{"line":1,"column":null}},"loc":{"start":{"line":1,"column":0},"end":{"line":11,"column":null}},"line":1},"1":{"name":"(anonymous_1)","decl":{"start":{"line":17,"column":8},"end":{"line":17,"column":10}},"loc":{"start":{"line":17,"column":8},"end":{"line":17,"column":null}},"line":17},"2":{"name":"(anonymous_2)","decl":{"start":{"line":13,"column":1},"end":{"line":13,"column":null}},"loc":{"start":{"line":14,"column":12},"end":{"line":14,"column":null}},"line":14},"3":{"name":"(anonymous_3)","decl":{"start":{"line":14,"column":15},"end":{"line":14,"column":null}},"loc":{"start":{"line":14,"column":12},"end":{"line":14,"column":null}},"line":14}},"branchMap":{},"s":{"0":2,"1":2,"2":2,"3":2,"4":2,"5":4},"f":{"0":2,"1":2,"2":4,"3":4},"b":{},"meta":{"lastBranch":0,"lastFunction":4,"lastStatement":6,"seen":{"f:1:0:1:Infinity":0,"s:6:5:6:Infinity":0,"s:9:5:9:Infinity":1,"s:13:1:13:Infinity":2,"f:17:8:17:10":1,"s:17:8:17:Infinity":3,"s:13:1:14:Infinity":4,"f:13:1:13:Infinity":2,"s:14:12:14:Infinity":5,"f:14:15:14:Infinity":3}}}
,"/Users/mattweinecke/Documents/GitHub/DockGuard/frontend/src/lib/components/ui/sidebar/sidebar-header.svelte": {"path":"/Users/mattweinecke/Documents/GitHub/DockGuard/frontend/src/lib/components/ui/sidebar/sidebar-header.svelte","statementMap":{"0":{"start":{"line":6,"column":5},"end":{"line":6,"column":null}},"1":{"start":{"line":9,"column":5},"end":{"line":9,"column":null}},"2":{"start":{"line":13,"column":1},"end":{"line":13,"column":null}},"3":{"start":{"line":17,"column":8},"end":{"line":17,"column":null}},"4":{"start":{"line":13,"column":1},"end":{"line":14,"column":null}},"5":{"start":{"line":14,"column":12},"end":{"line":14,"column":null}}},"fnMap":{"0":{"name":"Sidebar_header","decl":{"start":{"line":1,"column":0},"end":{"line":1,"column":null}},"loc":{"start":{"line":1,"column":0},"end":{"line":11,"column":null}},"line":1},"1":{"name":"(anonymous_1)","decl":{"start":{"line":17,"column":8},"end":{"line":17,"column":10}},"loc":{"start":{"line":17,"column":8},"end":{"line":17,"column":null}},"line":17},"2":{"name":"(anonymous_2)","decl":{"start":{"line":13,"column":1},"end":{"line":13,"column":null}},"loc":{"start":{"line":14,"column":12},"end":{"line":14,"column":null}},"line":14},"3":{"name":"(anonymous_3)","decl":{"start":{"line":14,"column":15},"end":{"line":14,"column":null}},"loc":{"start":{"line":14,"column":12},"end":{"line":14,"column":null}},"line":14}},"branchMap":{},"s":{"0":2,"1":2,"2":2,"3":2,"4":2,"5":4},"f":{"0":2,"1":2,"2":4,"3":4},"b":{},"meta":{"lastBranch":0,"lastFunction":4,"lastStatement":6,"seen":{"f:1:0:1:Infinity":0,"s:6:5:6:Infinity":0,"s:9:5:9:Infinity":1,"s:13:1:13:Infinity":2,"f:17:8:17:10":1,"s:17:8:17:Infinity":3,"s:13:1:14:Infinity":4,"f:13:1:13:Infinity":2,"s:14:12:14:Infinity":5,"f:14:15:14:Infinity":3}}}
,"/Users/mattweinecke/Documents/GitHub/DockGuard/frontend/src/lib/components/ui/sidebar/sidebar-input.svelte": {"path":"/Users/mattweinecke/Documents/GitHub/DockGuard/frontend/src/lib/components/ui/sidebar/sidebar-input.svelte","statementMap":{"0":{"start":{"line":7,"column":5},"end":{"line":7,"column":null}},"1":{"start":{"line":8,"column":7},"end":{"line":8,"column":null}},"2":{"start":{"line":10,"column":5},"end":{"line":10,"column":null}},"3":{"start":{"line":19,"column":8},"end":{"line":19,"column":null}},"4":{"start":{"line":14,"column":1},"end":{"line":16,"column":null}},"5":{"start":{"line":20,"column":5},"end":{"line":20,"column":14}}},"fnMap":{"0":{"name":"Sidebar_input","decl":{"start":{"line":1,"column":0},"end":{"line":1,"column":null}},"loc":{"start":{"line":1,"column":0},"end":{"line":12,"column":null}},"line":1},"1":{"name":"(anonymous_1)","decl":{"start":{"line":19,"column":8},"end":{"line":19,"column":10}},"loc":{"start":{"line":19,"column":8},"end":{"line":19,"column":null}},"line":19},"2":{"name":"(anonymous_2)","decl":{"start":{"line":14,"column":1},"end":{"line":14,"column":null}},"loc":{"start":{"line":14,"column":1},"end":{"line":16,"column":null}},"line":14},"3":{"name":"(anonymous_3)","decl":{"start":{"line":20,"column":5},"end":{"line":20,"column":14}},"loc":{"start":{"line":20,"column":5},"end":{"line":20,"column":14}},"line":20},"4":{"name":"(anonymous_4)","decl":{"start":{"line":15,"column":1},"end":{"line":15,"column":6}},"loc":{"start":{"line":15,"column":6},"end":{"line":15,"column":null}},"line":15},"5":{"name":"(anonymous_5)","decl":{"start":{"line":16,"column":1},"end":{"line":16,"column":6}},"loc":{"start":{"line":16,"column":6},"end":{"line":16,"column":null}},"line":16}},"branchMap":{},"s":{"0":0,"1":0,"2":0,"3":0,"4":0,"5":0},"f":{"0":0,"1":0,"2":0,"3":0,"4":0,"5":0},"b":{},"meta":{"lastBranch":0,"lastFunction":6,"lastStatement":6,"seen":{"f:1:0:1:Infinity":0,"s:7:5:7:Infinity":0,"s:8:7:8:Infinity":1,"s:10:5:10:Infinity":2,"s:19:8:19:Infinity":3,"f:19:8:19:10":1,"f:14:1:14:Infinity":2,"s:14:1:16:Infinity":4,"f:20:5:20:14":3,"s:20:5:20:14":5,"f:15:1:15:6":4,"f:16:1:16:6":5}}}
,"/Users/mattweinecke/Documents/GitHub/DockGuard/frontend/src/lib/components/ui/sidebar/sidebar-inset.svelte": {"path":"/Users/mattweinecke/Documents/GitHub/DockGuard/frontend/src/lib/components/ui/sidebar/sidebar-inset.svelte","statementMap":{"0":{"start":{"line":6,"column":5},"end":{"line":6,"column":null}},"1":{"start":{"line":9,"column":5},"end":{"line":9,"column":null}},"2":{"start":{"line":13,"column":1},"end":{"line":13,"column":null}},"3":{"start":{"line":13,"column":1},"end":{"line":18,"column":null}},"4":{"start":{"line":13,"column":1},"end":{"line":21,"column":null}},"5":{"start":{"line":16,"column":8},"end":{"line":18,"column":null}},"6":{"start":{"line":13,"column":1},"end":{"line":14,"column":null}},"7":{"start":{"line":14,"column":12},"end":{"line":14,"column":null}}},"fnMap":{"0":{"name":"Sidebar_inset","decl":{"start":{"line":1,"column":0},"end":{"line":1,"column":null}},"loc":{"start":{"line":1,"column":0},"end":{"line":11,"column":null}},"line":1},"1":{"name":"(anonymous_1)","decl":{"start":{"line":13,"column":1},"end":{"line":13,"column":null}},"loc":{"start":{"line":13,"column":1},"end":{"line":21,"column":null}},"line":13},"2":{"name":"(anonymous_2)","decl":{"start":{"line":16,"column":8},"end":{"line":16,"column":10}},"loc":{"start":{"line":16,"column":8},"end":{"line":18,"column":null}},"line":16},"3":{"name":"(anonymous_3)","decl":{"start":{"line":14,"column":15},"end":{"line":14,"column":null}},"loc":{"start":{"line":14,"column":12},"end":{"line":14,"column":null}},"line":14}},"branchMap":{},"s":{"0":0,"1":0,"2":0,"3":0,"4":0,"5":0,"6":0,"7":0},"f":{"0":0,"1":0,"2":0,"3":0},"b":{},"meta":{"lastBranch":0,"lastFunction":4,"lastStatement":8,"seen":{"f:1:0:1:Infinity":0,"s:6:5:6:Infinity":0,"s:9:5:9:Infinity":1,"s:13:1:13:Infinity":2,"s:13:1:18:Infinity":3,"f:13:1:13:Infinity":1,"s:13:1:21:Infinity":4,"f:16:8:16:10":2,"s:16:8:18:Infinity":5,"s:13:1:14:Infinity":6,"s:14:12:14:Infinity":7,"f:14:15:14:Infinity":3}}}
,"/Users/mattweinecke/Documents/GitHub/DockGuard/frontend/src/lib/components/ui/sidebar/sidebar-menu-action.svelte": {"path":"/Users/mattweinecke/Documents/GitHub/DockGuard/frontend/src/lib/components/ui/sidebar/sidebar-menu-action.svelte","statementMap":{"0":{"start":{"line":7,"column":5},"end":{"line":7,"column":null}},"1":{"start":{"line":9,"column":13},"end":{"line":9,"column":null}},"2":{"start":{"line":12,"column":5},"end":{"line":12,"column":null}},"3":{"start":{"line":18,"column":18},"end":{"line":33,"column":null}},"4":{"start":{"line":38,"column":18},"end":{"line":38,"column":null}},"5":{"start":{"line":38,"column":18},"end":{"line":38,"column":23}},"6":{"start":{"line":40,"column":8},"end":{"line":40,"column":20}},"7":{"start":{"line":40,"column":2},"end":{"line":40,"column":null}},"8":{"start":{"line":40,"column":8},"end":{"line":40,"column":null}},"9":{"start":{"line":40,"column":2},"end":{"line":40,"column":20}},"10":{"start":{"line":40,"column":2},"end":{"line":40,"column":29}},"11":{"start":{"line":40,"column":20},"end":{"line":40,"column":29}}},"fnMap":{"0":{"name":"Sidebar_menu_action","decl":{"start":{"line":1,"column":0},"end":{"line":1,"column":null}},"loc":{"start":{"line":1,"column":0},"end":{"line":35,"column":null}},"line":1},"1":{"name":"(anonymous_1)","decl":{"start":{"line":38,"column":18},"end":{"line":38,"column":23}},"loc":{"start":{"line":38,"column":18},"end":{"line":38,"column":null}},"line":38},"2":{"name":"(anonymous_2)","decl":{"start":{"line":40,"column":8},"end":{"line":40,"column":20}},"loc":{"start":{"line":40,"column":8},"end":{"line":40,"column":null}},"line":40},"3":{"name":"(anonymous_3)","decl":{"start":{"line":40,"column":23},"end":{"line":40,"column":29}},"loc":{"start":{"line":40,"column":20},"end":{"line":40,"column":29}},"line":40}},"branchMap":{"0":{"loc":{"start":{"line":27,"column":3},"end":{"line":28,"column":190}},"type":"binary-expr","locations":[{"start":{"line":27,"column":3},"end":{"line":27,"column":null}},{"start":{"line":28,"column":4},"end":{"line":28,"column":190}}],"line":27}},"s":{"0":0,"1":0,"2":0,"3":0,"4":0,"5":0,"6":0,"7":0,"8":0,"9":0,"10":0,"11":0},"f":{"0":0,"1":0,"2":0,"3":0},"b":{"0":[0,0]},"meta":{"lastBranch":1,"lastFunction":4,"lastStatement":12,"seen":{"f:1:0:1:Infinity":0,"s:7:5:7:Infinity":0,"s:9:13:9:Infinity":1,"s:12:5:12:Infinity":2,"s:18:18:33:Infinity":3,"b:27:3:27:Infinity:28:4:28:190":0,"s:38:18:38:Infinity":4,"f:38:18:38:23":1,"s:38:18:38:23":5,"s:40:8:40:20":6,"s:40:2:40:Infinity":7,"f:40:8:40:20":2,"s:40:8:40:Infinity":8,"s:40:2:40:20":9,"s:40:2:40:29":10,"s:40:20:40:29":11,"f:40:23:40:29":3}}}
,"/Users/mattweinecke/Documents/GitHub/DockGuard/frontend/src/lib/components/ui/sidebar/sidebar-menu-badge.svelte": {"path":"/Users/mattweinecke/Documents/GitHub/DockGuard/frontend/src/lib/components/ui/sidebar/sidebar-menu-badge.svelte","statementMap":{"0":{"start":{"line":6,"column":5},"end":{"line":6,"column":null}},"1":{"start":{"line":9,"column":5},"end":{"line":9,"column":null}},"2":{"start":{"line":13,"column":1},"end":{"line":13,"column":null}},"3":{"start":{"line":17,"column":8},"end":{"line":23,"column":null}},"4":{"start":{"line":13,"column":1},"end":{"line":14,"column":null}},"5":{"start":{"line":14,"column":12},"end":{"line":14,"column":null}}},"fnMap":{"0":{"name":"Sidebar_menu_badge","decl":{"start":{"line":1,"column":0},"end":{"line":1,"column":null}},"loc":{"start":{"line":1,"column":0},"end":{"line":11,"column":null}},"line":1},"1":{"name":"(anonymous_1)","decl":{"start":{"line":17,"column":8},"end":{"line":17,"column":10}},"loc":{"start":{"line":17,"column":8},"end":{"line":23,"column":null}},"line":17},"2":{"name":"(anonymous_2)","decl":{"start":{"line":13,"column":1},"end":{"line":13,"column":null}},"loc":{"start":{"line":14,"column":12},"end":{"line":14,"column":null}},"line":14},"3":{"name":"(anonymous_3)","decl":{"start":{"line":14,"column":15},"end":{"line":14,"column":null}},"loc":{"start":{"line":14,"column":12},"end":{"line":14,"column":null}},"line":14}},"branchMap":{},"s":{"0":0,"1":0,"2":0,"3":0,"4":0,"5":0},"f":{"0":0,"1":0,"2":0,"3":0},"b":{},"meta":{"lastBranch":0,"lastFunction":4,"lastStatement":6,"seen":{"f:1:0:1:Infinity":0,"s:6:5:6:Infinity":0,"s:9:5:9:Infinity":1,"s:13:1:13:Infinity":2,"f:17:8:17:10":1,"s:17:8:23:Infinity":3,"s:13:1:14:Infinity":4,"f:13:1:13:Infinity":2,"s:14:12:14:Infinity":5,"f:14:15:14:Infinity":3}}}
,"/Users/mattweinecke/Documents/GitHub/DockGuard/frontend/src/lib/components/ui/sidebar/sidebar-menu-button.svelte": {"path":"/Users/mattweinecke/Documents/GitHub/DockGuard/frontend/src/lib/components/ui/sidebar/sidebar-menu-button.svelte","statementMap":{"0":{"start":{"line":4,"column":39},"end":{"line":20,"column":null}},"1":{"start":{"line":70,"column":16},"end":{"line":75,"column":21}},"2":{"start":{"line":70,"column":24},"end":{"line":70,"column":24}},"3":{"start":{"line":71,"column":20},"end":{"line":71,"column":null}},"4":{"start":{"line":71,"column":9},"end":{"line":71,"column":23}},"5":{"start":{"line":73,"column":19},"end":{"line":73,"column":null}},"6":{"start":{"line":73,"column":19},"end":{"line":73,"column":24}},"7":{"start":{"line":75,"column":9},"end":{"line":75,"column":21}},"8":{"start":{"line":75,"column":3},"end":{"line":75,"column":null}},"9":{"start":{"line":75,"column":9},"end":{"line":75,"column":null}},"10":{"start":{"line":75,"column":3},"end":{"line":75,"column":21}},"11":{"start":{"line":75,"column":3},"end":{"line":75,"column":30}},"12":{"start":{"line":75,"column":21},"end":{"line":75,"column":30}},"13":{"start":{"line":39,"column":5},"end":{"line":39,"column":null}},"14":{"start":{"line":43,"column":9},"end":{"line":43,"column":null}},"15":{"start":{"line":44,"column":6},"end":{"line":44,"column":null}},"16":{"start":{"line":45,"column":10},"end":{"line":45,"column":null}},"17":{"start":{"line":48,"column":5},"end":{"line":48,"column":null}},"18":{"start":{"line":58,"column":14},"end":{"line":58,"column":null}},"19":{"start":{"line":60,"column":18},"end":{"line":66,"column":null}},"20":{"start":{"line":82,"column":10},"end":{"line":82,"column":null}},"21":{"start":{"line":82,"column":16},"end":{"line":82,"column":null}},"22":{"start":{"line":84,"column":2},"end":{"line":96,"column":null}},"23":{"start":{"line":86,"column":18},"end":{"line":87,"column":null}},"24":{"start":{"line":86,"column":26},"end":{"line":86,"column":26}},"25":{"start":{"line":87,"column":13},"end":{"line":87,"column":null}},"26":{"start":{"line":87,"column":19},"end":{"line":87,"column":null}},"27":{"start":{"line":85,"column":3},"end":{"line":86,"column":21}},"28":{"start":{"line":93,"column":11},"end":{"line":93,"column":null}},"29":{"start":{"line":93,"column":11},"end":{"line":93,"column":60}},"30":{"start":{"line":90,"column":3},"end":{"line":96,"column":null}},"31":{"start":{"line":96,"column":34},"end":{"line":96,"column":null}},"32":{"start":{"line":96,"column":42},"end":{"line":96,"column":null}}},"fnMap":{"0":{"name":"Sidebar_menu_button","decl":{"start":{"line":30,"column":0},"end":{"line":30,"column":null}},"loc":{"start":{"line":30,"column":0},"end":{"line":68,"column":null}},"line":30},"1":{"name":"(anonymous_1)","decl":{"start":{"line":70,"column":16},"end":{"line":70,"column":19}},"loc":{"start":{"line":70,"column":16},"end":{"line":75,"column":21}},"line":70},"2":{"name":"(anonymous_2)","decl":{"start":{"line":70,"column":24},"end":{"line":70,"column":null}},"loc":{"start":{"line":70,"column":24},"end":{"line":70,"column":24}},"line":70},"3":{"name":"(anonymous_3)","decl":{"start":{"line":71,"column":20},"end":{"line":71,"column":23}},"loc":{"start":{"line":71,"column":20},"end":{"line":71,"column":null}},"line":71},"4":{"name":"(anonymous_4)","decl":{"start":{"line":73,"column":19},"end":{"line":73,"column":24}},"loc":{"start":{"line":73,"column":19},"end":{"line":73,"column":null}},"line":73},"5":{"name":"(anonymous_5)","decl":{"start":{"line":75,"column":9},"end":{"line":75,"column":21}},"loc":{"start":{"line":75,"column":9},"end":{"line":75,"column":null}},"line":75},"6":{"name":"(anonymous_6)","decl":{"start":{"line":75,"column":24},"end":{"line":75,"column":30}},"loc":{"start":{"line":75,"column":21},"end":{"line":75,"column":30}},"line":75},"7":{"name":"(anonymous_7)","decl":{"start":{"line":82,"column":10},"end":{"line":82,"column":16}},"loc":{"start":{"line":82,"column":10},"end":{"line":82,"column":null}},"line":82},"8":{"name":"(anonymous_8)","decl":{"start":{"line":82,"column":16},"end":{"line":82,"column":null}},"loc":{"start":{"line":82,"column":16},"end":{"line":82,"column":null}},"line":82},"9":{"name":"(anonymous_9)","decl":{"start":{"line":86,"column":18},"end":{"line":86,"column":21}},"loc":{"start":{"line":86,"column":18},"end":{"line":87,"column":null}},"line":86},"10":{"name":"(anonymous_10)","decl":{"start":{"line":86,"column":26},"end":{"line":86,"column":null}},"loc":{"start":{"line":86,"column":26},"end":{"line":86,"column":26}},"line":86},"11":{"name":"(anonymous_11)","decl":{"start":{"line":87,"column":13},"end":{"line":87,"column":19}},"loc":{"start":{"line":87,"column":13},"end":{"line":87,"column":null}},"line":87},"12":{"name":"(anonymous_12)","decl":{"start":{"line":87,"column":19},"end":{"line":87,"column":22}},"loc":{"start":{"line":87,"column":19},"end":{"line":87,"column":null}},"line":87},"13":{"name":"(anonymous_13)","decl":{"start":{"line":93,"column":11},"end":{"line":93,"column":18}},"loc":{"start":{"line":93,"column":11},"end":{"line":93,"column":60}},"line":93}},"branchMap":{"0":{"loc":{"start":{"line":93,"column":11},"end":{"line":93,"column":60}},"type":"binary-expr","locations":[{"start":{"line":93,"column":11},"end":{"line":93,"column":44}},{"start":{"line":93,"column":44},"end":{"line":93,"column":60}}],"line":93},"1":{"loc":{"start":{"line":96,"column":34},"end":{"line":96,"column":null}},"type":"if","locations":[{"start":{"line":96,"column":34},"end":{"line":96,"column":null}},{"start":{"line":96,"column":42},"end":{"line":96,"column":null}}],"line":96},"2":{"loc":{"start":{"line":96,"column":42},"end":{"line":96,"column":null}},"type":"if","locations":[{"start":{"line":96,"column":42},"end":{"line":96,"column":null}},{"start":{},"end":{}}],"line":96}},"s":{"0":1,"1":12,"2":24,"3":12,"4":12,"5":20,"6":10,"7":2,"8":2,"9":2,"10":2,"11":2,"12":4,"13":12,"14":12,"15":12,"16":12,"17":12,"18":12,"19":12,"20":12,"21":24,"22":0,"23":0,"24":0,"25":0,"26":0,"27":0,"28":0,"29":0,"30":0,"31":0,"32":0},"f":{"0":12,"1":12,"2":24,"3":12,"4":40,"5":6,"6":4,"7":12,"8":24,"9":0,"10":0,"11":0,"12":0,"13":0},"b":{"0":[0,0],"1":[0,0],"2":[0,0]},"meta":{"lastBranch":3,"lastFunction":14,"lastStatement":33,"seen":{"s:4:39:20:Infinity":0,"f:30:0:30:Infinity":0,"s:70:16:75:21":1,"f:70:16:70:19":1,"s:70:24:70:24":2,"f:70:24:70:Infinity":2,"s:71:20:71:Infinity":3,"f:71:20:71:23":3,"s:71:9:71:23":4,"s:73:19:73:Infinity":5,"f:73:19:73:24":4,"s:73:19:73:24":6,"s:75:9:75:21":7,"s:75:3:75:Infinity":8,"f:75:9:75:21":5,"s:75:9:75:Infinity":9,"s:75:3:75:21":10,"s:75:3:75:30":11,"s:75:21:75:30":12,"f:75:24:75:30":6,"s:39:5:39:Infinity":13,"s:43:9:43:Infinity":14,"s:44:6:44:Infinity":15,"s:45:10:45:Infinity":16,"s:48:5:48:Infinity":17,"s:58:14:58:Infinity":18,"s:60:18:66:Infinity":19,"s:82:10:82:Infinity":20,"f:82:10:82:16":7,"f:82:16:82:Infinity":8,"s:82:16:82:Infinity":21,"s:84:2:96:Infinity":22,"s:86:18:87:Infinity":23,"f:86:18:86:21":9,"s:86:26:86:26":24,"f:86:26:86:Infinity":10,"s:87:13:87:Infinity":25,"f:87:13:87:19":11,"f:87:19:87:22":12,"s:87:19:87:Infinity":26,"s:85:3:86:21":27,"s:93:11:93:Infinity":28,"f:93:11:93:18":13,"s:93:11:93:60":29,"b:93:11:93:44:93:44:93:60":0,"s:90:3:96:Infinity":30,"b:96:34:96:Infinity:96:42:96:Infinity":1,"s:96:34:96:Infinity":31,"s:96:42:96:Infinity":32,"b:96:42:96:Infinity:undefined:undefined:undefined:undefined":2}}}
,"/Users/mattweinecke/Documents/GitHub/DockGuard/frontend/src/lib/components/ui/sidebar/sidebar-menu-item.svelte": {"path":"/Users/mattweinecke/Documents/GitHub/DockGuard/frontend/src/lib/components/ui/sidebar/sidebar-menu-item.svelte","statementMap":{"0":{"start":{"line":6,"column":5},"end":{"line":6,"column":null}},"1":{"start":{"line":9,"column":5},"end":{"line":9,"column":null}},"2":{"start":{"line":13,"column":1},"end":{"line":13,"column":null}},"3":{"start":{"line":17,"column":8},"end":{"line":17,"column":null}},"4":{"start":{"line":13,"column":1},"end":{"line":14,"column":null}},"5":{"start":{"line":14,"column":12},"end":{"line":14,"column":null}}},"fnMap":{"0":{"name":"Sidebar_menu_item","decl":{"start":{"line":1,"column":0},"end":{"line":1,"column":null}},"loc":{"start":{"line":1,"column":0},"end":{"line":11,"column":null}},"line":1},"1":{"name":"(anonymous_1)","decl":{"start":{"line":17,"column":8},"end":{"line":17,"column":10}},"loc":{"start":{"line":17,"column":8},"end":{"line":17,"column":null}},"line":17},"2":{"name":"(anonymous_2)","decl":{"start":{"line":13,"column":1},"end":{"line":13,"column":null}},"loc":{"start":{"line":14,"column":12},"end":{"line":14,"column":null}},"line":14},"3":{"name":"(anonymous_3)","decl":{"start":{"line":14,"column":15},"end":{"line":14,"column":null}},"loc":{"start":{"line":14,"column":12},"end":{"line":14,"column":null}},"line":14}},"branchMap":{},"s":{"0":12,"1":12,"2":12,"3":12,"4":12,"5":24},"f":{"0":12,"1":12,"2":24,"3":24},"b":{},"meta":{"lastBranch":0,"lastFunction":4,"lastStatement":6,"seen":{"f:1:0:1:Infinity":0,"s:6:5:6:Infinity":0,"s:9:5:9:Infinity":1,"s:13:1:13:Infinity":2,"f:17:8:17:10":1,"s:17:8:17:Infinity":3,"s:13:1:14:Infinity":4,"f:13:1:13:Infinity":2,"s:14:12:14:Infinity":5,"f:14:15:14:Infinity":3}}}
,"/Users/mattweinecke/Documents/GitHub/DockGuard/frontend/src/lib/components/ui/sidebar/sidebar-menu-skeleton.svelte": {"path":"/Users/mattweinecke/Documents/GitHub/DockGuard/frontend/src/lib/components/ui/sidebar/sidebar-menu-skeleton.svelte","statementMap":{"0":{"start":{"line":7,"column":5},"end":{"line":7,"column":null}},"1":{"start":{"line":9,"column":10},"end":{"line":9,"column":null}},"2":{"start":{"line":11,"column":5},"end":{"line":11,"column":null}},"3":{"start":{"line":17,"column":12},"end":{"line":17,"column":null}},"4":{"start":{"line":20,"column":1},"end":{"line":20,"column":null}},"5":{"start":{"line":24,"column":8},"end":{"line":24,"column":null}},"6":{"start":{"line":28,"column":3},"end":{"line":28,"column":null}},"7":{"start":{"line":27,"column":6},"end":{"line":27,"column":null}},"8":{"start":{"line":27,"column":14},"end":{"line":27,"column":null}},"9":{"start":{"line":30,"column":2},"end":{"line":33,"column":null}},"10":{"start":{"line":33,"column":28},"end":{"line":33,"column":null}},"11":{"start":{"line":20,"column":1},"end":{"line":21,"column":null}},"12":{"start":{"line":21,"column":12},"end":{"line":21,"column":null}}},"fnMap":{"0":{"name":"Sidebar_menu_skeleton","decl":{"start":{"line":1,"column":0},"end":{"line":1,"column":null}},"loc":{"start":{"line":1,"column":0},"end":{"line":18,"column":null}},"line":1},"1":{"name":"(anonymous_1)","decl":{"start":{"line":24,"column":8},"end":{"line":24,"column":10}},"loc":{"start":{"line":24,"column":8},"end":{"line":24,"column":null}},"line":24},"2":{"name":"(anonymous_2)","decl":{"start":{"line":28,"column":3},"end":{"line":28,"column":11}},"loc":{"start":{"line":28,"column":3},"end":{"line":28,"column":null}},"line":28},"3":{"name":"(anonymous_3)","decl":{"start":{"line":30,"column":2},"end":{"line":30,"column":null}},"loc":{"start":{"line":30,"column":2},"end":{"line":33,"column":null}},"line":30},"4":{"name":"(anonymous_4)","decl":{"start":{"line":20,"column":1},"end":{"line":20,"column":null}},"loc":{"start":{"line":21,"column":12},"end":{"line":21,"column":null}},"line":21},"5":{"name":"(anonymous_5)","decl":{"start":{"line":21,"column":15},"end":{"line":21,"column":null}},"loc":{"start":{"line":21,"column":12},"end":{"line":21,"column":null}},"line":21}},"branchMap":{"0":{"loc":{"start":{"line":27,"column":6},"end":{"line":27,"column":null}},"type":"if","locations":[{"start":{"line":27,"column":6},"end":{"line":27,"column":null}},{"start":{},"end":{}}],"line":27}},"s":{"0":0,"1":0,"2":0,"3":0,"4":0,"5":0,"6":0,"7":0,"8":0,"9":0,"10":0,"11":0,"12":0},"f":{"0":0,"1":0,"2":0,"3":0,"4":0,"5":0},"b":{"0":[0,0]},"meta":{"lastBranch":1,"lastFunction":6,"lastStatement":13,"seen":{"f:1:0:1:Infinity":0,"s:7:5:7:Infinity":0,"s:9:10:9:Infinity":1,"s:11:5:11:Infinity":2,"s:17:12:17:Infinity":3,"s:20:1:20:Infinity":4,"f:24:8:24:10":1,"s:24:8:24:Infinity":5,"f:28:3:28:11":2,"s:28:3:28:Infinity":6,"b:27:6:27:Infinity:undefined:undefined:undefined:undefined":0,"s:27:6:27:Infinity":7,"s:27:14:27:Infinity":8,"f:30:2:30:Infinity":3,"s:30:2:33:Infinity":9,"s:33:28:33:Infinity":10,"s:20:1:21:Infinity":11,"f:20:1:20:Infinity":4,"s:21:12:21:Infinity":12,"f:21:15:21:Infinity":5}}}
,"/Users/mattweinecke/Documents/GitHub/DockGuard/frontend/src/lib/components/ui/sidebar/sidebar-menu-sub-button.svelte": {"path":"/Users/mattweinecke/Documents/GitHub/DockGuard/frontend/src/lib/components/ui/sidebar/sidebar-menu-sub-button.svelte","statementMap":{"0":{"start":{"line":7,"column":5},"end":{"line":7,"column":null}},"1":{"start":{"line":11,"column":6},"end":{"line":11,"column":null}},"2":{"start":{"line":12,"column":10},"end":{"line":12,"column":null}},"3":{"start":{"line":13,"column":5},"end":{"line":13,"column":null}},"4":{"start":{"line":20,"column":18},"end":{"line":33,"column":null}},"5":{"start":{"line":38,"column":18},"end":{"line":38,"column":null}},"6":{"start":{"line":38,"column":18},"end":{"line":38,"column":23}},"7":{"start":{"line":40,"column":3},"end":{"line":40,"column":15}},"8":{"start":{"line":40,"column":2},"end":{"line":40,"column":null}},"9":{"start":{"line":40,"column":3},"end":{"line":40,"column":null}},"10":{"start":{"line":40,"column":2},"end":{"line":40,"column":15}},"11":{"start":{"line":40,"column":2},"end":{"line":40,"column":24}},"12":{"start":{"line":40,"column":15},"end":{"line":40,"column":24}}},"fnMap":{"0":{"name":"Sidebar_menu_sub_button","decl":{"start":{"line":1,"column":0},"end":{"line":1,"column":null}},"loc":{"start":{"line":1,"column":0},"end":{"line":35,"column":null}},"line":1},"1":{"name":"(anonymous_1)","decl":{"start":{"line":38,"column":18},"end":{"line":38,"column":23}},"loc":{"start":{"line":38,"column":18},"end":{"line":38,"column":null}},"line":38},"2":{"name":"(anonymous_2)","decl":{"start":{"line":40,"column":3},"end":{"line":40,"column":15}},"loc":{"start":{"line":40,"column":3},"end":{"line":40,"column":null}},"line":40},"3":{"name":"(anonymous_3)","decl":{"start":{"line":40,"column":18},"end":{"line":40,"column":24}},"loc":{"start":{"line":40,"column":15},"end":{"line":40,"column":24}},"line":40}},"branchMap":{"0":{"loc":{"start":{"line":23,"column":91},"end":{"line":24,"column":29}},"type":"binary-expr","locations":[{"start":{"line":23,"column":91},"end":{"line":24,"column":20}},{"start":{"line":24,"column":20},"end":{"line":24,"column":29}}],"line":23},"1":{"loc":{"start":{"line":24,"column":29},"end":{"line":25,"column":29}},"type":"binary-expr","locations":[{"start":{"line":24,"column":29},"end":{"line":25,"column":20}},{"start":{"line":25,"column":20},"end":{"line":25,"column":29}}],"line":24}},"s":{"0":0,"1":0,"2":0,"3":0,"4":0,"5":0,"6":0,"7":0,"8":0,"9":0,"10":0,"11":0,"12":0},"f":{"0":0,"1":0,"2":0,"3":0},"b":{"0":[0,0],"1":[0,0]},"meta":{"lastBranch":2,"lastFunction":4,"lastStatement":13,"seen":{"f:1:0:1:Infinity":0,"s:7:5:7:Infinity":0,"s:11:6:11:Infinity":1,"s:12:10:12:Infinity":2,"s:13:5:13:Infinity":3,"s:20:18:33:Infinity":4,"b:23:91:24:20:24:20:24:29":0,"b:24:29:25:20:25:20:25:29":1,"s:38:18:38:Infinity":5,"f:38:18:38:23":1,"s:38:18:38:23":6,"s:40:3:40:15":7,"s:40:2:40:Infinity":8,"f:40:3:40:15":2,"s:40:3:40:Infinity":9,"s:40:2:40:15":10,"s:40:2:40:24":11,"s:40:15:40:24":12,"f:40:18:40:24":3}}}
[...]
:{"line":27,"column":54},"end":{"line":28,"column":null}},"10":{"start":{"line":28,"column":40},"end":{"line":28,"column":null}},"11":{"start":{"line":29,"column":30},"end":{"line":29,"column":null}},"12":{"start":{"line":30,"column":26},"end":{"line":30,"column":null}},"13":{"start":{"line":31,"column":15},"end":{"line":31,"column":null}},"14":{"start":{"line":35,"column":1},"end":{"line":75,"column":null}},"15":{"start":{"line":35,"column":32},"end":{"line":35,"column":null}},"16":{"start":{"line":37,"column":9},"end":{"line":45,"column":null}},"17":{"start":{"line":38,"column":13},"end":{"line":45,"column":null}},"18":{"start":{"line":39,"column":17},"end":{"line":40,"column":null}},"19":{"start":{"line":40,"column":21},"end":{"line":40,"column":null}},"20":{"start":{"line":44,"column":17},"end":{"line":45,"column":null}},"21":{"start":{"line":45,"column":21},"end":{"line":45,"column":null}},"22":{"start":{"line":50,"column":9},"end":{"line":58,"column":null}},"23":{"start":{"line":51,"column":13},"end":{"line":58,"column":null}},"24":{"start":{"line":52,"column":17},"end":{"line":53,"column":null}},"25":{"start":{"line":53,"column":21},"end":{"line":53,"column":null}},"26":{"start":{"line":57,"column":17},"end":{"line":58,"column":null}},"27":{"start":{"line":58,"column":21},"end":{"line":58,"column":null}},"28":{"start":{"line":63,"column":9},"end":{"line":71,"column":null}},"29":{"start":{"line":64,"column":13},"end":{"line":71,"column":null}},"30":{"start":{"line":65,"column":17},"end":{"line":66,"column":null}},"31":{"start":{"line":66,"column":21},"end":{"line":66,"column":null}},"32":{"start":{"line":70,"column":17},"end":{"line":71,"column":null}},"33":{"start":{"line":71,"column":21},"end":{"line":71,"column":null}},"34":{"start":{"line":76,"column":9},"end":{"line":84,"column":null}},"35":{"start":{"line":77,"column":13},"end":{"line":84,"column":null}},"36":{"start":{"line":78,"column":17},"end":{"line":79,"column":null}},"37":{"start":{"line":79,"column":21},"end":{"line":79,"column":null}},"38":{"start":{"line":83,"column":17},"end":{"line":84,"column":null}},"39":{"start":{"line":84,"column":21},"end":{"line":84,"column":null}},"40":{"start":{"line":89,"column":13},"end":{"line":89,"column":null}},"41":{"start":{"line":89,"column":9},"end":{"line":89,"column":null}},"42":{"start":{"line":36,"column":23},"end":{"line":75,"column":null}},"43":{"start":{"line":36,"column":37},"end":{"line":36,"column":null}},"44":{"start":{"line":36,"column":37},"end":{"line":75,"column":null}},"45":{"start":{"line":49,"column":38},"end":{"line":49,"column":null}},"46":{"start":{"line":49,"column":38},"end":{"line":75,"column":null}},"47":{"start":{"line":62,"column":49},"end":{"line":62,"column":null}},"48":{"start":{"line":62,"column":49},"end":{"line":75,"column":null}},"49":{"start":{"line":75,"column":35},"end":{"line":75,"column":null}}},"fnMap":{"0":{"name":"VexStatusCell","decl":{"start":{"line":1,"column":0},"end":{"line":1,"column":null}},"loc":{"start":{"line":1,"column":0},"end":{"line":33,"column":null}},"line":1},"1":{"name":"(anonymous_1)","decl":{"start":{"line":20,"column":40},"end":{"line":20,"column":null}},"loc":{"start":{"line":20,"column":40},"end":{"line":32,"column":5}},"line":20},"2":{"name":"(anonymous_2)","decl":{"start":{"line":40,"column":21},"end":{"line":40,"column":null}},"loc":{"start":{"line":40,"column":21},"end":{"line":40,"column":null}},"line":40},"3":{"name":"(anonymous_3)","decl":{"start":{"line":45,"column":21},"end":{"line":45,"column":32}},"loc":{"start":{"line":45,"column":21},"end":{"line":45,"column":null}},"line":45},"4":{"name":"(anonymous_4)","decl":{"start":{"line":53,"column":21},"end":{"line":53,"column":null}},"loc":{"start":{"line":53,"column":21},"end":{"line":53,"column":null}},"line":53},"5":{"name":"(anonymous_5)","decl":{"start":{"line":58,"column":21},"end":{"line":58,"column":32}},"loc":{"start":{"line":58,"column":21},"end":{"line":58,"column":null}},"line":58},"6":{"name":"(anonymous_6)","decl":{"start":{"line":66,"column":21},"end":{"line":66,"column":null}},"loc":{"start":{"line":66,"column":21},"end":{"line":66,"column":null}},"line":66},"7":{"name":"(anonymous_7)","decl":{"start":{"line":71,"column":21},"end":{"line":71,"column":32}},"loc":{"start":{"line":71,"column":21},"end":{"line":71,"column":null}},"line":71},"8":{"name":"(anonymous_8)","decl":{"start":{"line":79,"column":21},"end":{"line":79,"column":null}},"loc":{"start":{"line":79,"column":21},"end":{"line":79,"column":null}},"line":79},"9":{"name":"(anonymous_9)","decl":{"start":{"line":84,"column":21},"end":{"line":84,"column":32}},"loc":{"start":{"line":84,"column":21},"end":{"line":84,"column":null}},"line":84}},"branchMap":{"0":{"loc":{"start":{"line":22,"column":26},"end":{"line":28,"column":null}},"type":"if","locations":[{"start":{"line":22,"column":26},"end":{"line":28,"column":null}},{"start":{"line":23,"column":56},"end":{"line":28,"column":null}}],"line":22},"1":{"loc":{"start":{"line":23,"column":56},"end":{"line":28,"column":null}},"type":"if","locations":[{"start":{"line":23,"column":56},"end":{"line":28,"column":null}},{"start":{"line":25,"column":52},"end":{"line":28,"column":null}}],"line":23},"2":{"loc":{"start":{"line":25,"column":52},"end":{"line":28,"column":null}},"type":"if","locations":[{"start":{"line":25,"column":52},"end":{"line":28,"column":null}},{"start":{"line":27,"column":54},"end":{"line":28,"column":null}}],"line":25},"3":{"loc":{"start":{"line":27,"column":54},"end":{"line":28,"column":null}},"type":"if","locations":[{"start":{"line":27,"column":54},"end":{"line":28,"column":null}},{"start":{},"end":{}}],"line":27},"4":{"loc":{"start":{"line":29,"column":30},"end":{"line":29,"column":null}},"type":"if","locations":[{"start":{"line":29,"column":30},"end":{"line":29,"column":null}},{"start":{},"end":{}}],"line":29},"5":{"loc":{"start":{"line":30,"column":26},"end":{"line":30,"column":null}},"type":"if","locations":[{"start":{"line":30,"column":26},"end":{"line":30,"column":null}},{"start":{},"end":{}}],"line":30},"6":{"loc":{"start":{"line":35,"column":32},"end":{"line":35,"column":null}},"type":"binary-expr","locations":[{"start":{"line":35,"column":32},"end":{"line":35,"column":null}},{"start":{"line":35,"column":41},"end":{"line":35,"column":null}}],"line":35},"7":{"loc":{"start":{"line":36,"column":23},"end":{"line":75,"column":null}},"type":"if","locations":[{"start":{"line":36,"column":23},"end":{"line":75,"column":null}},{"start":{"line":36,"column":37},"end":{"line":75,"column":null}}],"line":36},"8":{"loc":{"start":{"line":36,"column":37},"end":{"line":75,"column":null}},"type":"if","locations":[{"start":{"line":36,"column":37},"end":{"line":75,"column":null}},{"start":{"line":49,"column":38},"end":{"line":75,"column":null}}],"line":36},"9":{"loc":{"start":{"line":49,"column":38},"end":{"line":75,"column":null}},"type":"if","locations":[{"start":{"line":49,"column":38},"end":{"line":75,"column":null}},{"start":{"line":62,"column":49},"end":{"line":75,"column":null}}],"line":49},"10":{"loc":{"start":{"line":62,"column":49},"end":{"line":75,"column":null}},"type":"if","locations":[{"start":{"line":62,"column":49},"end":{"line":75,"column":null}},{"start":{"line":75,"column":35},"end":{"line":75,"column":null}}],"line":62}},"s":{"0":7,"1":7,"2":1,"3":1,"4":1,"5":0,"6":0,"7":0,"8":0,"9":0,"10":0,"11":1,"12":1,"13":1,"14":7,"15":7,"16":2,"17":2,"18":2,"19":2,"20":2,"21":1,"22":1,"23":1,"24":1,"25":1,"26":1,"27":0,"28":1,"29":1,"30":1,"31":1,"32":1,"33":0,"34":1,"35":1,"36":1,"37":1,"38":1,"39":0,"40":2,"41":2,"42":7,"43":2,"44":5,"45":1,"46":4,"47":1,"48":3,"49":2},"f":{"0":7,"1":1,"2":2,"3":1,"4":1,"5":0,"6":1,"7":0,"8":1,"9":0},"b":{"0":[1,0],"1":[0,0],"2":[0,0],"3":[0,0],"4":[1,0],"5":[1,0],"6":[7,0],"7":[2,5],"8":[1,4],"9":[1,3],"10":[1,2]},"meta":{"lastBranch":11,"lastFunction":10,"lastStatement":50,"seen":{"f:1:0:1:Infinity":0,"s:12:24:12:Infinity":0,"s:20:19:32:Infinity":1,"f:20:40:20:Infinity":1,"s:21:29:21:Infinity":2,"b:22:26:28:Infinity:23:56:28:Infinity":0,"s:22:26:28:Infinity":3,"s:23:12:23:Infinity":4,"b:23:56:28:Infinity:25:52:28:Infinity":1,"s:23:56:28:Infinity":5,"s:25:12:25:Infinity":6,"b:25:52:28:Infinity:27:54:28:Infinity":2,"s:25:52:28:Infinity":7,"s:27:12:27:Infinity":8,"b:27:54:28:Infinity:undefined:undefined:undefined:undefined":3,"s:27:54:28:Infinity":9,"s:28:40:28:Infinity":10,"b:29:30:29:Infinity:undefined:undefined:undefined:undefined":4,"s:29:30:29:Infinity":11,"b:30:26:30:Infinity:undefined:undefined:undefined:undefined":5,"s:30:26:30:Infinity":12,"s:31:15:31:Infinity":13,"s:35:1:75:Infinity":14,"s:35:32:35:Infinity":15,"b:35:32:35:Infinity:35:41:35:Infinity":6,"s:37:9:45:Infinity":16,"s:38:13:45:Infinity":17,"s:39:17:40:Infinity":18,"f:40:21:40:Infinity":2,"s:40:21:40:Infinity":19,"s:44:17:45:Infinity":20,"s:45:21:45:Infinity":21,"f:45:21:45:32":3,"s:50:9:58:Infinity":22,"s:51:13:58:Infinity":23,"s:52:17:53:Infinity":24,"s:53:21:53:Infinity":25,"f:53:21:53:Infinity":4,"s:57:17:58:Infinity":26,"s:58:21:58:Infinity":27,"f:58:21:58:32":5,"s:63:9:71:Infinity":28,"s:64:13:71:Infinity":29,"s:65:17:66:Infinity":30,"s:66:21:66:Infinity":31,"f:66:21:66:Infinity":6,"s:70:17:71:Infinity":32,"s:71:21:71:Infinity":33,"f:71:21:71:32":7,"s:76:9:84:Infinity":34,"s:77:13:84:Infinity":35,"s:78:17:79:Infinity":36,"s:79:21:79:Infinity":37,"f:79:21:79:Infinity":8,"s:83:17:84:Infinity":38,"s:84:21:84:Infinity":39,"f:84:21:84:32":9,"s:89:13:89:Infinity":40,"s:89:9:89:Infinity":41,"b:36:23:75:Infinity:36:37:75:Infinity":7,"s:36:23:75:Infinity":42,"s:36:37:36:Infinity":43,"b:36:37:75:Infinity:49:38:75:Infinity":8,"s:36:37:75:Infinity":44,"s:49:38:49:Infinity":45,"b:49:38:75:Infinity:62:49:75:Infinity":9,"s:49:38:75:Infinity":46,"s:62:49:62:Infinity":47,"b:62:49:75:Infinity:75:35:75:Infinity":10,"s:62:49:75:Infinity":48,"s:75:35:75:Infinity":49}}}
,"/Users/mattweinecke/Documents/GitHub/DockGuard/frontend/src/lib/components/vuln/utils.ts": {"path":"/Users/mattweinecke/Documents/GitHub/DockGuard/frontend/src/lib/components/vuln/utils.ts","statementMap":{"0":{"start":{"line":1,"column":56},"end":{"line":8,"column":null}},"1":{"start":{"line":11,"column":4},"end":{"line":13,"column":null}},"2":{"start":{"line":17,"column":4},"end":{"line":17,"column":null}},"3":{"start":{"line":17,"column":22},"end":{"line":17,"column":null}},"4":{"start":{"line":18,"column":4},"end":{"line":18,"column":null}},"5":{"start":{"line":18,"column":22},"end":{"line":18,"column":null}},"6":{"start":{"line":19,"column":4},"end":{"line":19,"column":null}},"7":{"start":{"line":19,"column":22},"end":{"line":19,"column":null}},"8":{"start":{"line":20,"column":4},"end":{"line":20,"column":null}},"9":{"start":{"line":24,"column":4},"end":{"line":24,"column":null}},"10":{"start":{"line":24,"column":22},"end":{"line":24,"column":null}},"11":{"start":{"line":25,"column":4},"end":{"line":25,"column":null}},"12":{"start":{"line":25,"column":22},"end":{"line":25,"column":null}},"13":{"start":{"line":26,"column":4},"end":{"line":26,"column":null}},"14":{"start":{"line":26,"column":23},"end":{"line":26,"column":null}},"15":{"start":{"line":27,"column":4},"end":{"line":27,"column":null}},"16":{"start":{"line":31,"column":4},"end":{"line":31,"column":null}},"17":{"start":{"line":31,"column":24},"end":{"line":31,"column":null}},"18":{"start":{"line":32,"column":4},"end":{"line":32,"column":null}},"19":{"start":{"line":32,"column":22},"end":{"line":32,"column":null}},"20":{"start":{"line":33,"column":4},"end":{"line":34,"column":null}},"21":{"start":{"line":34,"column":8},"end":{"line":34,"column":null}},"22":{"start":{"line":35,"column":4},"end":{"line":35,"column":null}},"23":{"start":{"line":35,"column":22},"end":{"line":35,"column":null}},"24":{"start":{"line":36,"column":4},"end":{"line":36,"column":null}},"25":{"start":{"line":40,"column":4},"end":{"line":40,"column":null}},"26":{"start":{"line":40,"column":24},"end":{"line":40,"column":null}},"27":{"start":{"line":41,"column":4},"end":{"line":41,"column":null}},"28":{"start":{"line":41,"column":22},"end":{"line":41,"column":null}},"29":{"start":{"line":42,"column":4},"end":{"line":43,"column":null}},"30":{"start":{"line":43,"column":8},"end":{"line":43,"column":null}},"31":{"start":{"line":44,"column":4},"end":{"line":44,"column":null}},"32":{"start":{"line":44,"column":23},"end":{"line":44,"column":null}},"33":{"start":{"line":45,"column":4},"end":{"line":45,"column":null}}},"fnMap":{"0":{"name":"toUtcDate","decl":{"start":{"line":10,"column":16},"end":{"line":10,"column":26}},"loc":{"start":{"line":10,"column":45},"end":{"line":14,"column":null}},"line":10},"1":{"name":"cvssTooltip","decl":{"start":{"line":16,"column":16},"end":{"line":16,"column":28}},"loc":{"start":{"line":16,"column":51},"end":{"line":21,"column":null}},"line":16},"2":{"name":"epssTooltip","decl":{"start":{"line":23,"column":16},"end":{"line":23,"column":28}},"loc":{"start":{"line":23,"column":51},"end":{"line":28,"column":null}},"line":23},"3":{"name":"cvssClass","decl":{"start":{"line":30,"column":16},"end":{"line":30,"column":26}},"loc":{"start":{"line":30,"column":56},"end":{"line":37,"column":null}},"line":30},"4":{"name":"epssClass","decl":{"start":{"line":39,"column":16},"end":{"line":39,"column":26}},"loc":{"start":{"line":39,"column":56},"end":{"line":46,"column":null}},"line":39}},"branchMap":{"0":{"loc":{"start":{"line":12,"column":8},"end":{"line":12,"column":null}},"type":"cond-expr","locations":[{"start":{"line":12,"column":49},"end":{"line":12,"column":55}},{"start":{"line":12,"column":55},"end":{"line":12,"column":null}}],"line":12},"1":{"loc":{"start":{"line":12,"column":8},"end":{"line":12,"column":49}},"type":"binary-expr","locations":[{"start":{"line":12,"column":8},"end":{"line":12,"column":29}},{"start":{"line":12,"column":29},"end":{"line":12,"column":49}}],"line":12},"2":{"loc":{"start":{"line":17,"column":4},"end":{"line":17,"column":null}},"type":"if","locations":[{"start":{"line":17,"column":4},"end":{"line":17,"column":null}},{"start":{},"end":{}}],"line":17},"3":{"loc":{"start":{"line":18,"column":4},"end":{"line":18,"column":null}},"type":"if","locations":[{"start":{"line":18,"column":4},"end":{"line":18,"column":null}},{"start":{},"end":{}}],"line":18},"4":{"loc":{"start":{"line":19,"column":4},"end":{"line":19,"column":null}},"type":"if","locations":[{"start":{"line":19,"column":4},"end":{"line":19,"column":null}},{"start":{},"end":{}}],"line":19},"5":{"loc":{"start":{"line":24,"column":4},"end":{"line":24,"column":null}},"type":"if","locations":[{"start":{"line":24,"column":4},"end":{"line":24,"column":null}},{"start":{},"end":{}}],"line":24},"6":{"loc":{"start":{"line":25,"column":4},"end":{"line":25,"column":null}},"type":"if","locations":[{"start":{"line":25,"column":4},"end":{"line":25,"column":null}},{"start":{},"end":{}}],"line":25},"7":{"loc":{"start":{"line":26,"column":4},"end":{"line":26,"column":null}},"type":"if","locations":[{"start":{"line":26,"column":4},"end":{"line":26,"column":null}},{"start":{},"end":{}}],"line":26},"8":{"loc":{"start":{"line":31,"column":4},"end":{"line":31,"column":null}},"type":"if","locations":[{"start":{"line":31,"column":4},"end":{"line":31,"column":null}},{"start":{},"end":{}}],"line":31},"9":{"loc":{"start":{"line":32,"column":4},"end":{"line":32,"column":null}},"type":"if","locations":[{"start":{"line":32,"column":4},"end":{"line":32,"column":null}},{"start":{},"end":{}}],"line":32},"10":{"loc":{"start":{"line":33,"column":4},"end":{"line":34,"column":null}},"type":"if","locations":[{"start":{"line":33,"column":4},"end":{"line":34,"column":null}},{"start":{},"end":{}}],"line":33},"11":{"loc":{"start":{"line":35,"column":4},"end":{"line":35,"column":null}},"type":"if","locations":[{"start":{"line":35,"column":4},"end":{"line":35,"column":null}},{"start":{},"end":{}}],"line":35},"12":{"loc":{"start":{"line":40,"column":4},"end":{"line":40,"column":null}},"type":"if","locations":[{"start":{"line":40,"column":4},"end":{"line":40,"column":null}},{"start":{},"end":{}}],"line":40},"13":{"loc":{"start":{"line":41,"column":4},"end":{"line":41,"column":null}},"type":"if","locations":[{"start":{"line":41,"column":4},"end":{"line":41,"column":null}},{"start":{},"end":{}}],"line":41},"14":{"loc":{"start":{"line":42,"column":4},"end":{"line":43,"column":null}},"type":"if","locations":[{"start":{"line":42,"column":4},"end":{"line":43,"column":null}},{"start":{},"end":{}}],"line":42},"15":{"loc":{"start":{"line":44,"column":4},"end":{"line":44,"column":null}},"type":"if","locations":[{"start":{"line":44,"column":4},"end":{"line":44,"column":null}},{"start":{},"end":{}}],"line":44}},"s":{"0":4,"1":3,"2":8,"3":2,"4":6,"5":6,"6":4,"7":4,"8":2,"9":8,"10":2,"11":6,"12":6,"13":4,"14":4,"15":2,"16":8,"17":2,"18":6,"19":2,"20":4,"21":4,"22":2,"23":2,"24":1,"25":9,"26":2,"27":7,"28":7,"29":5,"30":5,"31":3,"32":3,"33":2},"f":{"0":3,"1":8,"2":8,"3":8,"4":9},"b":{"0":[2,1],"1":[3,2],"2":[2,6],"3":[2,4],"4":[2,2],"5":[2,6],"6":[2,4],"7":[2,2],"8":[2,6],"9":[2,4],"10":[2,2],"11":[1,1],"12":[2,7],"13":[2,5],"14":[2,3],"15":[1,2]},"meta":{"lastBranch":16,"lastFunction":5,"lastStatement":34,"seen":{"s:1:56:8:Infinity":0,"f:10:16:10:26":0,"s:11:4:13:Infinity":1,"b:12:49:12:55:12:55:12:Infinity":0,"b:12:8:12:29:12:29:12:49":1,"f:16:16:16:28":1,"b:17:4:17:Infinity:undefined:undefined:undefined:undefined":2,"s:17:4:17:Infinity":2,"s:17:22:17:Infinity":3,"b:18:4:18:Infinity:undefined:undefined:undefined:undefined":3,"s:18:4:18:Infinity":4,"s:18:22:18:Infinity":5,"b:19:4:19:Infinity:undefined:undefined:undefined:undefined":4,"s:19:4:19:Infinity":6,"s:19:22:19:Infinity":7,"s:20:4:20:Infinity":8,"f:23:16:23:28":2,"b:24:4:24:Infinity:undefined:undefined:undefined:undefined":5,"s:24:4:24:Infinity":9,"s:24:22:24:Infinity":10,"b:25:4:25:Infinity:undefined:undefined:undefined:undefined":6,"s:25:4:25:Infinity":11,"s:25:22:25:Infinity":12,"b:26:4:26:Infinity:undefined:undefined:undefined:undefined":7,"s:26:4:26:Infinity":13,"s:26:23:26:Infinity":14,"s:27:4:27:Infinity":15,"f:30:16:30:26":3,"b:31:4:31:Infinity:undefined:undefined:undefined:undefined":8,"s:31:4:31:Infinity":16,"s:31:24:31:Infinity":17,"b:32:4:32:Infinity:undefined:undefined:undefined:undefined":9,"s:32:4:32:Infinity":18,"s:32:22:32:Infinity":19,"b:33:4:34:Infinity:undefined:undefined:undefined:undefined":10,"s:33:4:34:Infinity":20,"s:34:8:34:Infinity":21,"b:35:4:35:Infinity:undefined:undefined:undefined:undefined":11,"s:35:4:35:Infinity":22,"s:35:22:35:Infinity":23,"s:36:4:36:Infinity":24,"f:39:16:39:26":4,"b:40:4:40:Infinity:undefined:undefined:undefined:undefined":12,"s:40:4:40:Infinity":25,"s:40:24:40:Infinity":26,"b:41:4:41:Infinity:undefined:undefined:undefined:undefined":13,"s:41:4:41:Infinity":27,"s:41:22:41:Infinity":28,"b:42:4:43:Infinity:undefined:undefined:undefined:undefined":14,"s:42:4:43:Infinity":29,"s:43:8:43:Infinity":30,"b:44:4:44:Infinity:undefined:undefined:undefined:undefined":15,"s:44:4:44:Infinity":31,"s:44:23:44:Infinity":32,"s:45:4:45:Infinity":33}}}
,"/Users/mattweinecke/Documents/GitHub/DockGuard/frontend/src/lib/hooks/is-mobile.svelte.ts": {"path":"/Users/mattweinecke/Documents/GitHub/DockGuard/frontend/src/lib/hooks/is-mobile.svelte.ts","statementMap":{"0":{"start":{"line":3,"column":34},"end":{"line":3,"column":null}},"1":{"start":{"line":7,"column":2},"end":{"line":7,"column":null}}},"fnMap":{"0":{"name":"(anonymous_0)","decl":{"start":{"line":6,"column":1},"end":{"line":6,"column":13}},"loc":{"start":{"line":6,"column":61},"end":{"line":8,"column":null}},"line":6}},"branchMap":{"0":{"loc":{"start":{"line":6,"column":13},"end":{"line":6,"column":61}},"type":"default-arg","locations":[{"start":{"line":6,"column":34},"end":{"line":6,"column":61}}],"line":6}},"s":{"0":1,"1":2},"f":{"0":2},"b":{"0":[2]},"meta":{"lastBranch":1,"lastFunction":1,"lastStatement":2,"seen":{"s:3:34:3:Infinity":0,"f:6:1:6:13":0,"b:6:34:6:61":0,"s:7:2:7:Infinity":1}}}
}
